{"C:\\Users\\jaga1\\CSC510-Section2-Group7\\proj2\\frontend\\pack-eats\\src\\App.jsx": {"path":"C:\\Users\\jaga1\\CSC510-Section2-Group7\\proj2\\frontend\\pack-eats\\src\\App.jsx","statementMap":{"0":{"start":{"line":6,"column":12},"end":{"line":13,"column":1}},"1":{"start":{"line":7,"column":4},"end":{"line":12,"column":6}}},"fnMap":{"0":{"name":"(anonymous_0)","decl":{"start":{"line":6,"column":12},"end":{"line":6,"column":13}},"loc":{"start":{"line":6,"column":18},"end":{"line":13,"column":1}},"line":6}},"branchMap":{},"s":{"0":1,"1":2},"f":{"0":2},"b":{},"_coverageSchema":"1a1c01bbd47fc00a2c39e90264f33305004495a9","hash":"a841396ba12bc7a704c6934152e768ee2ef93a63"}
,"C:\\Users\\jaga1\\CSC510-Section2-Group7\\proj2\\frontend\\pack-eats\\src\\index.js": {"path":"C:\\Users\\jaga1\\CSC510-Section2-Group7\\proj2\\frontend\\pack-eats\\src\\index.js","statementMap":{"0":{"start":{"line":8,"column":13},"end":{"line":8,"column":65}},"1":{"start":{"line":9,"column":0},"end":{"line":13,"column":2}},"2":{"start":{"line":18,"column":0},"end":{"line":18,"column":18}}},"fnMap":{},"branchMap":{},"s":{"0":0,"1":0,"2":0},"f":{},"b":{}}
,"C:\\Users\\jaga1\\CSC510-Section2-Group7\\proj2\\frontend\\pack-eats\\src\\reportWebVitals.js": {"path":"C:\\Users\\jaga1\\CSC510-Section2-Group7\\proj2\\frontend\\pack-eats\\src\\reportWebVitals.js","statementMap":{"0":{"start":{"line":1,"column":24},"end":{"line":11,"column":1}},"1":{"start":{"line":2,"column":2},"end":{"line":10,"column":3}},"2":{"start":{"line":3,"column":4},"end":{"line":9,"column":7}},"3":{"start":{"line":4,"column":6},"end":{"line":4,"column":26}},"4":{"start":{"line":5,"column":6},"end":{"line":5,"column":26}},"5":{"start":{"line":6,"column":6},"end":{"line":6,"column":26}},"6":{"start":{"line":7,"column":6},"end":{"line":7,"column":26}},"7":{"start":{"line":8,"column":6},"end":{"line":8,"column":27}}},"fnMap":{"0":{"name":"(anonymous_0)","decl":{"start":{"line":1,"column":24},"end":{"line":1,"column":25}},"loc":{"start":{"line":1,"column":39},"end":{"line":11,"column":1}},"line":1},"1":{"name":"(anonymous_1)","decl":{"start":{"line":3,"column":30},"end":{"line":3,"column":31}},"loc":{"start":{"line":3,"column":79},"end":{"line":9,"column":5}},"line":3}},"branchMap":{"0":{"loc":{"start":{"line":2,"column":2},"end":{"line":10,"column":3}},"type":"if","locations":[{"start":{"line":2,"column":2},"end":{"line":10,"column":3}},{"start":{},"end":{}}],"line":2},"1":{"loc":{"start":{"line":2,"column":6},"end":{"line":2,"column":52}},"type":"binary-expr","locations":[{"start":{"line":2,"column":6},"end":{"line":2,"column":17}},{"start":{"line":2,"column":21},"end":{"line":2,"column":52}}],"line":2}},"s":{"0":0,"1":0,"2":0,"3":0,"4":0,"5":0,"6":0,"7":0},"f":{"0":0,"1":0},"b":{"0":[0,0],"1":[0,0]}}
,"C:\\Users\\jaga1\\CSC510-Section2-Group7\\proj2\\frontend\\pack-eats\\src\\components\\Navbar.jsx": {"path":"C:\\Users\\jaga1\\CSC510-Section2-Group7\\proj2\\frontend\\pack-eats\\src\\components\\Navbar.jsx","statementMap":{"0":{"start":{"line":5,"column":15},"end":{"line":88,"column":1}},"1":{"start":{"line":6,"column":36},"end":{"line":6,"column":78}},"2":{"start":{"line":7,"column":44},"end":{"line":7,"column":59}},"3":{"start":{"line":8,"column":21},"end":{"line":8,"column":34}},"4":{"start":{"line":9,"column":24},"end":{"line":9,"column":36}},"5":{"start":{"line":12,"column":4},"end":{"line":18,"column":11}},"6":{"start":{"line":13,"column":36},"end":{"line":15,"column":9}},"7":{"start":{"line":14,"column":12},"end":{"line":14,"column":64}},"8":{"start":{"line":16,"column":8},"end":{"line":16,"column":64}},"9":{"start":{"line":17,"column":8},"end":{"line":17,"column":80}},"10":{"start":{"line":17,"column":21},"end":{"line":17,"column":79}},"11":{"start":{"line":21,"column":4},"end":{"line":23,"column":11}},"12":{"start":{"line":22,"column":8},"end":{"line":22,"column":60}},"13":{"start":{"line":26,"column":4},"end":{"line":34,"column":11}},"14":{"start":{"line":27,"column":35},"end":{"line":31,"column":9}},"15":{"start":{"line":28,"column":12},"end":{"line":30,"column":13}},"16":{"start":{"line":29,"column":16},"end":{"line":29,"column":39}},"17":{"start":{"line":32,"column":8},"end":{"line":32,"column":67}},"18":{"start":{"line":33,"column":8},"end":{"line":33,"column":83}},"19":{"start":{"line":33,"column":21},"end":{"line":33,"column":82}},"20":{"start":{"line":36,"column":25},"end":{"line":40,"column":5}},"21":{"start":{"line":37,"column":8},"end":{"line":37,"column":50}},"22":{"start":{"line":38,"column":8},"end":{"line":38,"column":26}},"23":{"start":{"line":39,"column":8},"end":{"line":39,"column":22}},"24":{"start":{"line":42,"column":27},"end":{"line":44,"column":5}},"25":{"start":{"line":43,"column":8},"end":{"line":43,"column":41}},"26":{"start":{"line":43,"column":34},"end":{"line":43,"column":39}},"27":{"start":{"line":46,"column":4},"end":{"line":87,"column":6}},"28":{"start":{"line":70,"column":51},"end":{"line":70,"column":73}},"29":{"start":{"line":77,"column":51},"end":{"line":77,"column":73}}},"fnMap":{"0":{"name":"(anonymous_0)","decl":{"start":{"line":5,"column":15},"end":{"line":5,"column":16}},"loc":{"start":{"line":5,"column":21},"end":{"line":88,"column":1}},"line":5},"1":{"name":"(anonymous_1)","decl":{"start":{"line":12,"column":14},"end":{"line":12,"column":15}},"loc":{"start":{"line":12,"column":20},"end":{"line":18,"column":5}},"line":12},"2":{"name":"(anonymous_2)","decl":{"start":{"line":13,"column":36},"end":{"line":13,"column":37}},"loc":{"start":{"line":13,"column":42},"end":{"line":15,"column":9}},"line":13},"3":{"name":"(anonymous_3)","decl":{"start":{"line":17,"column":15},"end":{"line":17,"column":16}},"loc":{"start":{"line":17,"column":21},"end":{"line":17,"column":79}},"line":17},"4":{"name":"(anonymous_4)","decl":{"start":{"line":21,"column":14},"end":{"line":21,"column":15}},"loc":{"start":{"line":21,"column":20},"end":{"line":23,"column":5}},"line":21},"5":{"name":"(anonymous_5)","decl":{"start":{"line":26,"column":14},"end":{"line":26,"column":15}},"loc":{"start":{"line":26,"column":20},"end":{"line":34,"column":5}},"line":26},"6":{"name":"(anonymous_6)","decl":{"start":{"line":27,"column":35},"end":{"line":27,"column":36}},"loc":{"start":{"line":27,"column":46},"end":{"line":31,"column":9}},"line":27},"7":{"name":"(anonymous_7)","decl":{"start":{"line":33,"column":15},"end":{"line":33,"column":16}},"loc":{"start":{"line":33,"column":21},"end":{"line":33,"column":82}},"line":33},"8":{"name":"(anonymous_8)","decl":{"start":{"line":36,"column":25},"end":{"line":36,"column":26}},"loc":{"start":{"line":36,"column":31},"end":{"line":40,"column":5}},"line":36},"9":{"name":"(anonymous_9)","decl":{"start":{"line":42,"column":27},"end":{"line":42,"column":28}},"loc":{"start":{"line":42,"column":33},"end":{"line":44,"column":5}},"line":42},"10":{"name":"(anonymous_10)","decl":{"start":{"line":43,"column":24},"end":{"line":43,"column":25}},"loc":{"start":{"line":43,"column":34},"end":{"line":43,"column":39}},"line":43},"11":{"name":"(anonymous_11)","decl":{"start":{"line":70,"column":45},"end":{"line":70,"column":46}},"loc":{"start":{"line":70,"column":51},"end":{"line":70,"column":73}},"line":70},"12":{"name":"(anonymous_12)","decl":{"start":{"line":77,"column":45},"end":{"line":77,"column":46}},"loc":{"start":{"line":77,"column":51},"end":{"line":77,"column":73}},"line":77}},"branchMap":{"0":{"loc":{"start":{"line":28,"column":12},"end":{"line":30,"column":13}},"type":"if","locations":[{"start":{"line":28,"column":12},"end":{"line":30,"column":13}},{"start":{},"end":{}}],"line":28},"1":{"loc":{"start":{"line":28,"column":16},"end":{"line":28,"column":82}},"type":"binary-expr","locations":[{"start":{"line":28,"column":16},"end":{"line":28,"column":35}},{"start":{"line":28,"column":39},"end":{"line":28,"column":82}}],"line":28},"2":{"loc":{"start":{"line":53,"column":17},"end":{"line":84,"column":17}},"type":"cond-expr","locations":[{"start":{"line":54,"column":20},"end":{"line":57,"column":26}},{"start":{"line":59,"column":20},"end":{"line":83,"column":26}}],"line":53},"3":{"loc":{"start":{"line":65,"column":25},"end":{"line":82,"column":25}},"type":"binary-expr","locations":[{"start":{"line":65,"column":25},"end":{"line":65,"column":37}},{"start":{"line":66,"column":28},"end":{"line":81,"column":34}}],"line":65}},"s":{"0":2,"1":19,"2":19,"3":19,"4":19,"5":19,"6":8,"7":0,"8":8,"9":8,"10":8,"11":19,"12":8,"13":19,"14":8,"15":1,"16":1,"17":8,"18":8,"19":8,"20":19,"21":1,"22":1,"23":1,"24":19,"25":3,"26":3,"27":19,"28":1,"29":0},"f":{"0":19,"1":8,"2":0,"3":8,"4":8,"5":8,"6":1,"7":8,"8":1,"9":3,"10":3,"11":1,"12":0},"b":{"0":[1,0],"1":[1,1],"2":[2,17],"3":[17,6]},"_coverageSchema":"1a1c01bbd47fc00a2c39e90264f33305004495a9","hash":"bf551d3a3eae637fdc2c0b5a220e0661a47c43ec"}
,"C:\\Users\\jaga1\\CSC510-Section2-Group7\\proj2\\frontend\\pack-eats\\src\\pages\\customer\\Browse.jsx": {"path":"C:\\Users\\jaga1\\CSC510-Section2-Group7\\proj2\\frontend\\pack-eats\\src\\pages\\customer\\Browse.jsx","statementMap":{"0":{"start":{"line":6,"column":15},"end":{"line":240,"column":1}},"1":{"start":{"line":7,"column":40},"end":{"line":7,"column":52}},"2":{"start":{"line":8,"column":56},"end":{"line":8,"column":70}},"3":{"start":{"line":9,"column":48},"end":{"line":9,"column":60}},"4":{"start":{"line":10,"column":42},"end":{"line":10,"column":54}},"5":{"start":{"line":11,"column":38},"end":{"line":11,"column":50}},"6":{"start":{"line":12,"column":38},"end":{"line":19,"column":6}},"7":{"start":{"line":13,"column":8},"end":{"line":18,"column":9}},"8":{"start":{"line":14,"column":26},"end":{"line":14,"column":63}},"9":{"start":{"line":15,"column":12},"end":{"line":15,"column":50}},"10":{"start":{"line":17,"column":12},"end":{"line":17,"column":22}},"11":{"start":{"line":22,"column":4},"end":{"line":32,"column":11}},"12":{"start":{"line":23,"column":33},"end":{"line":30,"column":9}},"13":{"start":{"line":24,"column":12},"end":{"line":29,"column":13}},"14":{"start":{"line":25,"column":33},"end":{"line":25,"column":89}},"15":{"start":{"line":26,"column":16},"end":{"line":26,"column":46}},"16":{"start":{"line":28,"column":16},"end":{"line":28,"column":66}},"17":{"start":{"line":31,"column":8},"end":{"line":31,"column":27}},"18":{"start":{"line":35,"column":4},"end":{"line":48,"column":29}},"19":{"start":{"line":36,"column":26},"end":{"line":46,"column":9}},"20":{"start":{"line":37,"column":12},"end":{"line":37,"column":44}},"21":{"start":{"line":37,"column":37},"end":{"line":37,"column":44}},"22":{"start":{"line":38,"column":12},"end":{"line":45,"column":13}},"23":{"start":{"line":39,"column":33},"end":{"line":41,"column":18}},"24":{"start":{"line":42,"column":16},"end":{"line":42,"column":44}},"25":{"start":{"line":44,"column":16},"end":{"line":44,"column":59}},"26":{"start":{"line":47,"column":8},"end":{"line":47,"column":20}},"27":{"start":{"line":51,"column":4},"end":{"line":57,"column":20}},"28":{"start":{"line":52,"column":8},"end":{"line":56,"column":9}},"29":{"start":{"line":53,"column":12},"end":{"line":53,"column":77}},"30":{"start":{"line":55,"column":12},"end":{"line":55,"column":55}},"31":{"start":{"line":59,"column":32},"end":{"line":61,"column":5}},"32":{"start":{"line":60,"column":8},"end":{"line":60,"column":63}},"33":{"start":{"line":63,"column":25},"end":{"line":65,"column":5}},"34":{"start":{"line":64,"column":8},"end":{"line":64,"column":70}},"35":{"start":{"line":67,"column":29},"end":{"line":88,"column":5}},"36":{"start":{"line":68,"column":8},"end":{"line":87,"column":11}},"37":{"start":{"line":69,"column":34},"end":{"line":69,"column":79}},"38":{"start":{"line":69,"column":61},"end":{"line":69,"column":78}},"39":{"start":{"line":71,"column":12},"end":{"line":85,"column":13}},"40":{"start":{"line":72,"column":16},"end":{"line":78,"column":17}},"41":{"start":{"line":73,"column":20},"end":{"line":75,"column":22}},"42":{"start":{"line":74,"column":24},"end":{"line":74,"column":89}},"43":{"start":{"line":77,"column":20},"end":{"line":77,"column":67}},"44":{"start":{"line":79,"column":19},"end":{"line":85,"column":13}},"45":{"start":{"line":80,"column":16},"end":{"line":84,"column":53}},"46":{"start":{"line":82,"column":24},"end":{"line":82,"column":89}},"47":{"start":{"line":84,"column":36},"end":{"line":84,"column":51}},"48":{"start":{"line":86,"column":12},"end":{"line":86,"column":28}},"49":{"start":{"line":90,"column":23},"end":{"line":90,"column":91}},"50":{"start":{"line":90,"column":55},"end":{"line":90,"column":87}},"51":{"start":{"line":91,"column":23},"end":{"line":91,"column":78}},"52":{"start":{"line":91,"column":55},"end":{"line":91,"column":74}},"53":{"start":{"line":92,"column":28},"end":{"line":93,"column":63}},"54":{"start":{"line":93,"column":8},"end":{"line":93,"column":63}},"55":{"start":{"line":93,"column":31},"end":{"line":93,"column":47}},"56":{"start":{"line":95,"column":4},"end":{"line":239,"column":6}},"57":{"start":{"line":109,"column":49},"end":{"line":109,"column":82}},"58":{"start":{"line":118,"column":45},"end":{"line":118,"column":74}},"59":{"start":{"line":140,"column":32},"end":{"line":157,"column":38}},"60":{"start":{"line":144,"column":40},"end":{"line":144,"column":65}},"61":{"start":{"line":145,"column":40},"end":{"line":145,"column":62}},"62":{"start":{"line":166,"column":40},"end":{"line":166,"column":68}},"63":{"start":{"line":167,"column":40},"end":{"line":167,"column":62}},"64":{"start":{"line":168,"column":40},"end":{"line":168,"column":57}},"65":{"start":{"line":176,"column":56},"end":{"line":176,"column":80}},"66":{"start":{"line":177,"column":49},"end":{"line":177,"column":98}},"67":{"start":{"line":177,"column":72},"end":{"line":177,"column":89}},"68":{"start":{"line":179,"column":32},"end":{"line":224,"column":34}},"69":{"start":{"line":199,"column":71},"end":{"line":199,"column":100}},"70":{"start":{"line":208,"column":64},"end":{"line":208,"column":103}},"71":{"start":{"line":215,"column":75},"end":{"line":215,"column":108}}},"fnMap":{"0":{"name":"(anonymous_0)","decl":{"start":{"line":6,"column":15},"end":{"line":6,"column":16}},"loc":{"start":{"line":6,"column":35},"end":{"line":240,"column":1}},"line":6},"1":{"name":"(anonymous_1)","decl":{"start":{"line":12,"column":47},"end":{"line":12,"column":48}},"loc":{"start":{"line":12,"column":53},"end":{"line":19,"column":5}},"line":12},"2":{"name":"(anonymous_2)","decl":{"start":{"line":22,"column":14},"end":{"line":22,"column":15}},"loc":{"start":{"line":22,"column":20},"end":{"line":32,"column":5}},"line":22},"3":{"name":"(anonymous_3)","decl":{"start":{"line":23,"column":33},"end":{"line":23,"column":34}},"loc":{"start":{"line":23,"column":45},"end":{"line":30,"column":9}},"line":23},"4":{"name":"(anonymous_4)","decl":{"start":{"line":35,"column":14},"end":{"line":35,"column":15}},"loc":{"start":{"line":35,"column":20},"end":{"line":48,"column":5}},"line":35},"5":{"name":"(anonymous_5)","decl":{"start":{"line":36,"column":26},"end":{"line":36,"column":27}},"loc":{"start":{"line":36,"column":38},"end":{"line":46,"column":9}},"line":36},"6":{"name":"(anonymous_6)","decl":{"start":{"line":51,"column":14},"end":{"line":51,"column":15}},"loc":{"start":{"line":51,"column":20},"end":{"line":57,"column":5}},"line":51},"7":{"name":"(anonymous_7)","decl":{"start":{"line":59,"column":51},"end":{"line":59,"column":52}},"loc":{"start":{"line":60,"column":8},"end":{"line":60,"column":63}},"line":60},"8":{"name":"(anonymous_8)","decl":{"start":{"line":63,"column":42},"end":{"line":63,"column":43}},"loc":{"start":{"line":64,"column":8},"end":{"line":64,"column":70}},"line":64},"9":{"name":"(anonymous_9)","decl":{"start":{"line":67,"column":29},"end":{"line":67,"column":30}},"loc":{"start":{"line":67,"column":47},"end":{"line":88,"column":5}},"line":67},"10":{"name":"(anonymous_10)","decl":{"start":{"line":68,"column":21},"end":{"line":68,"column":22}},"loc":{"start":{"line":68,"column":35},"end":{"line":87,"column":9}},"line":68},"11":{"name":"(anonymous_11)","decl":{"start":{"line":69,"column":53},"end":{"line":69,"column":54}},"loc":{"start":{"line":69,"column":61},"end":{"line":69,"column":78}},"line":69},"12":{"name":"(anonymous_12)","decl":{"start":{"line":73,"column":40},"end":{"line":73,"column":41}},"loc":{"start":{"line":74,"column":24},"end":{"line":74,"column":89}},"line":74},"13":{"name":"(anonymous_13)","decl":{"start":{"line":81,"column":25},"end":{"line":81,"column":26}},"loc":{"start":{"line":82,"column":24},"end":{"line":82,"column":89}},"line":82},"14":{"name":"(anonymous_14)","decl":{"start":{"line":84,"column":28},"end":{"line":84,"column":29}},"loc":{"start":{"line":84,"column":36},"end":{"line":84,"column":51}},"line":84},"15":{"name":"(anonymous_15)","decl":{"start":{"line":90,"column":40},"end":{"line":90,"column":41}},"loc":{"start":{"line":90,"column":55},"end":{"line":90,"column":87}},"line":90},"16":{"name":"(anonymous_16)","decl":{"start":{"line":91,"column":40},"end":{"line":91,"column":41}},"loc":{"start":{"line":91,"column":55},"end":{"line":91,"column":74}},"line":91},"17":{"name":"(anonymous_17)","decl":{"start":{"line":92,"column":28},"end":{"line":92,"column":29}},"loc":{"start":{"line":93,"column":8},"end":{"line":93,"column":63}},"line":93},"18":{"name":"(anonymous_18)","decl":{"start":{"line":93,"column":23},"end":{"line":93,"column":24}},"loc":{"start":{"line":93,"column":31},"end":{"line":93,"column":47}},"line":93},"19":{"name":"(anonymous_19)","decl":{"start":{"line":109,"column":42},"end":{"line":109,"column":43}},"loc":{"start":{"line":109,"column":49},"end":{"line":109,"column":82}},"line":109},"20":{"name":"(anonymous_20)","decl":{"start":{"line":118,"column":38},"end":{"line":118,"column":39}},"loc":{"start":{"line":118,"column":45},"end":{"line":118,"column":74}},"line":118},"21":{"name":"(anonymous_21)","decl":{"start":{"line":139,"column":53},"end":{"line":139,"column":54}},"loc":{"start":{"line":140,"column":32},"end":{"line":157,"column":38}},"line":140},"22":{"name":"(anonymous_22)","decl":{"start":{"line":143,"column":45},"end":{"line":143,"column":46}},"loc":{"start":{"line":143,"column":51},"end":{"line":146,"column":37}},"line":143},"23":{"name":"(anonymous_23)","decl":{"start":{"line":165,"column":45},"end":{"line":165,"column":46}},"loc":{"start":{"line":165,"column":51},"end":{"line":169,"column":37}},"line":165},"24":{"name":"(anonymous_24)","decl":{"start":{"line":175,"column":46},"end":{"line":175,"column":47}},"loc":{"start":{"line":175,"column":56},"end":{"line":225,"column":29}},"line":175},"25":{"name":"(anonymous_25)","decl":{"start":{"line":177,"column":64},"end":{"line":177,"column":65}},"loc":{"start":{"line":177,"column":72},"end":{"line":177,"column":89}},"line":177},"26":{"name":"(anonymous_26)","decl":{"start":{"line":199,"column":65},"end":{"line":199,"column":66}},"loc":{"start":{"line":199,"column":71},"end":{"line":199,"column":100}},"line":199},"27":{"name":"(anonymous_27)","decl":{"start":{"line":207,"column":69},"end":{"line":207,"column":70}},"loc":{"start":{"line":208,"column":64},"end":{"line":208,"column":103}},"line":208},"28":{"name":"(anonymous_28)","decl":{"start":{"line":215,"column":69},"end":{"line":215,"column":70}},"loc":{"start":{"line":215,"column":75},"end":{"line":215,"column":108}},"line":215}},"branchMap":{"0":{"loc":{"start":{"line":15,"column":19},"end":{"line":15,"column":49}},"type":"cond-expr","locations":[{"start":{"line":15,"column":27},"end":{"line":15,"column":44}},{"start":{"line":15,"column":47},"end":{"line":15,"column":49}}],"line":15},"1":{"loc":{"start":{"line":37,"column":12},"end":{"line":37,"column":44}},"type":"if","locations":[{"start":{"line":37,"column":12},"end":{"line":37,"column":44}},{"start":{},"end":{}}],"line":37},"2":{"loc":{"start":{"line":71,"column":12},"end":{"line":85,"column":13}},"type":"if","locations":[{"start":{"line":71,"column":12},"end":{"line":85,"column":13}},{"start":{"line":79,"column":19},"end":{"line":85,"column":13}}],"line":71},"3":{"loc":{"start":{"line":71,"column":16},"end":{"line":71,"column":58}},"type":"binary-expr","locations":[{"start":{"line":71,"column":16},"end":{"line":71,"column":32}},{"start":{"line":71,"column":36},"end":{"line":71,"column":58}}],"line":71},"4":{"loc":{"start":{"line":72,"column":16},"end":{"line":78,"column":17}},"type":"if","locations":[{"start":{"line":72,"column":16},"end":{"line":78,"column":17}},{"start":{"line":76,"column":23},"end":{"line":78,"column":17}}],"line":72},"5":{"loc":{"start":{"line":74,"column":24},"end":{"line":74,"column":89}},"type":"cond-expr","locations":[{"start":{"line":74,"column":48},"end":{"line":74,"column":84}},{"start":{"line":74,"column":87},"end":{"line":74,"column":89}}],"line":74},"6":{"loc":{"start":{"line":79,"column":19},"end":{"line":85,"column":13}},"type":"if","locations":[{"start":{"line":79,"column":19},"end":{"line":85,"column":13}},{"start":{},"end":{}}],"line":79},"7":{"loc":{"start":{"line":79,"column":23},"end":{"line":79,"column":67}},"type":"binary-expr","locations":[{"start":{"line":79,"column":23},"end":{"line":79,"column":45}},{"start":{"line":79,"column":49},"end":{"line":79,"column":67}}],"line":79},"8":{"loc":{"start":{"line":82,"column":24},"end":{"line":82,"column":89}},"type":"cond-expr","locations":[{"start":{"line":82,"column":48},"end":{"line":82,"column":84}},{"start":{"line":82,"column":87},"end":{"line":82,"column":89}}],"line":82},"9":{"loc":{"start":{"line":93,"column":8},"end":{"line":93,"column":63}},"type":"binary-expr","locations":[{"start":{"line":93,"column":8},"end":{"line":93,"column":58}},{"start":{"line":93,"column":62},"end":{"line":93,"column":63}}],"line":93},"10":{"loc":{"start":{"line":100,"column":21},"end":{"line":121,"column":21}},"type":"cond-expr","locations":[{"start":{"line":101,"column":24},"end":{"line":112,"column":30}},{"start":{"line":114,"column":24},"end":{"line":120,"column":26}}],"line":100},"11":{"loc":{"start":{"line":137,"column":21},"end":{"line":227,"column":21}},"type":"cond-expr","locations":[{"start":{"line":138,"column":24},"end":{"line":159,"column":30}},{"start":{"line":161,"column":24},"end":{"line":226,"column":30}}],"line":137},"12":{"loc":{"start":{"line":177,"column":49},"end":{"line":177,"column":98}},"type":"binary-expr","locations":[{"start":{"line":177,"column":49},"end":{"line":177,"column":90}},{"start":{"line":177,"column":94},"end":{"line":177,"column":98}}],"line":177},"13":{"loc":{"start":{"line":187,"column":45},"end":{"line":191,"column":45}},"type":"binary-expr","locations":[{"start":{"line":187,"column":45},"end":{"line":187,"column":59}},{"start":{"line":188,"column":48},"end":{"line":190,"column":31}}],"line":187},"14":{"loc":{"start":{"line":196,"column":49},"end":{"line":196,"column":99}},"type":"binary-expr","locations":[{"start":{"line":196,"column":49},"end":{"line":196,"column":70}},{"start":{"line":196,"column":74},"end":{"line":196,"column":99}}],"line":196},"15":{"loc":{"start":{"line":197,"column":49},"end":{"line":220,"column":49}},"type":"cond-expr","locations":[{"start":{"line":198,"column":52},"end":{"line":203,"column":61}},{"start":{"line":205,"column":52},"end":{"line":219,"column":55}}],"line":197}},"s":{"0":1,"1":40,"2":40,"3":40,"4":40,"5":40,"6":40,"7":14,"8":14,"9":14,"10":1,"11":40,"12":14,"13":14,"14":14,"15":13,"16":3,"17":14,"18":40,"19":20,"20":20,"21":15,"22":5,"23":5,"24":4,"25":1,"26":20,"27":40,"28":18,"29":18,"30":0,"31":40,"32":48,"33":40,"34":20,"35":40,"36":4,"37":4,"38":3,"39":4,"40":2,"41":1,"42":1,"43":1,"44":2,"45":2,"46":2,"47":2,"48":0,"49":40,"50":3,"51":40,"52":3,"53":40,"54":18,"55":6,"56":40,"57":2,"58":1,"59":17,"60":5,"61":5,"62":1,"63":1,"64":1,"65":18,"66":18,"67":6,"68":18,"69":1,"70":2,"71":1},"f":{"0":40,"1":14,"2":14,"3":14,"4":20,"5":20,"6":18,"7":48,"8":20,"9":4,"10":4,"11":3,"12":1,"13":2,"14":2,"15":3,"16":3,"17":18,"18":6,"19":2,"20":1,"21":17,"22":5,"23":1,"24":18,"25":6,"26":1,"27":2,"28":1},"b":{"0":[1,13],"1":[15,5],"2":[2,2],"3":[4,2],"4":[1,1],"5":[1,0],"6":[2,0],"7":[2,2],"8":[2,0],"9":[18,15],"10":[15,25],"11":[25,15],"12":[18,15],"13":[18,9],"14":[18,15],"15":[15,3]},"_coverageSchema":"1a1c01bbd47fc00a2c39e90264f33305004495a9","hash":"f4f8b3aae73debf7a734725c1c11556a5f50a5cb"}
,"C:\\Users\\jaga1\\CSC510-Section2-Group7\\proj2\\frontend\\pack-eats\\src\\pages\\customer\\Cart.jsx": {"path":"C:\\Users\\jaga1\\CSC510-Section2-Group7\\proj2\\frontend\\pack-eats\\src\\pages\\customer\\Cart.jsx","statementMap":{"0":{"start":{"line":4,"column":2},"end":{"line":11,"column":3}},"1":{"start":{"line":5,"column":4},"end":{"line":10,"column":6}},"2":{"start":{"line":13,"column":2},"end":{"line":37,"column":4}},"3":{"start":{"line":17,"column":8},"end":{"line":26,"column":14}},"4":{"start":{"line":22,"column":35},"end":{"line":22,"column":70}},"5":{"start":{"line":24,"column":35},"end":{"line":24,"column":64}}},"fnMap":{"0":{"name":"Cart","decl":{"start":{"line":3,"column":9},"end":{"line":3,"column":13}},"loc":{"start":{"line":3,"column":59},"end":{"line":38,"column":1}},"line":3},"1":{"name":"(anonymous_1)","decl":{"start":{"line":16,"column":21},"end":{"line":16,"column":22}},"loc":{"start":{"line":17,"column":8},"end":{"line":26,"column":14}},"line":17},"2":{"name":"(anonymous_2)","decl":{"start":{"line":22,"column":29},"end":{"line":22,"column":30}},"loc":{"start":{"line":22,"column":35},"end":{"line":22,"column":70}},"line":22},"3":{"name":"(anonymous_3)","decl":{"start":{"line":24,"column":29},"end":{"line":24,"column":30}},"loc":{"start":{"line":24,"column":35},"end":{"line":24,"column":64}},"line":24}},"branchMap":{"0":{"loc":{"start":{"line":4,"column":2},"end":{"line":11,"column":3}},"type":"if","locations":[{"start":{"line":4,"column":2},"end":{"line":11,"column":3}},{"start":{},"end":{}}],"line":4}},"s":{"0":3,"1":1,"2":2,"3":3,"4":1,"5":1},"f":{"0":3,"1":3,"2":1,"3":1},"b":{"0":[1,2]},"_coverageSchema":"1a1c01bbd47fc00a2c39e90264f33305004495a9","hash":"2893d1d7e2cbc938815908bf382f13f5f677c841"}
,"C:\\Users\\jaga1\\CSC510-Section2-Group7\\proj2\\frontend\\pack-eats\\src\\pages\\customer\\CartCheckout.jsx": {"path":"C:\\Users\\jaga1\\CSC510-Section2-Group7\\proj2\\frontend\\pack-eats\\src\\pages\\customer\\CartCheckout.jsx","statementMap":{"0":{"start":{"line":7,"column":21},"end":{"line":230,"column":1}},"1":{"start":{"line":8,"column":19},"end":{"line":8,"column":32}},"2":{"start":{"line":11,"column":21},"end":{"line":11,"column":59}},"3":{"start":{"line":13,"column":36},"end":{"line":20,"column":4}},"4":{"start":{"line":14,"column":4},"end":{"line":19,"column":5}},"5":{"start":{"line":15,"column":20},"end":{"line":15,"column":57}},"6":{"start":{"line":16,"column":6},"end":{"line":16,"column":44}},"7":{"start":{"line":18,"column":6},"end":{"line":18,"column":16}},"8":{"start":{"line":22,"column":46},"end":{"line":22,"column":66}},"9":{"start":{"line":23,"column":44},"end":{"line":23,"column":60}},"10":{"start":{"line":24,"column":40},"end":{"line":24,"column":55}},"11":{"start":{"line":26,"column":19},"end":{"line":29,"column":3}},"12":{"start":{"line":27,"column":19},"end":{"line":27,"column":51}},"13":{"start":{"line":30,"column":14},"end":{"line":30,"column":31}},"14":{"start":{"line":31,"column":22},"end":{"line":31,"column":54}},"15":{"start":{"line":32,"column":16},"end":{"line":32,"column":44}},"16":{"start":{"line":34,"column":27},"end":{"line":76,"column":3}},"17":{"start":{"line":35,"column":4},"end":{"line":35,"column":39}},"18":{"start":{"line":35,"column":32},"end":{"line":35,"column":39}},"19":{"start":{"line":37,"column":4},"end":{"line":75,"column":5}},"20":{"start":{"line":38,"column":6},"end":{"line":63,"column":7}},"21":{"start":{"line":39,"column":29},"end":{"line":54,"column":9}},"22":{"start":{"line":56,"column":8},"end":{"line":56,"column":63}},"23":{"start":{"line":58,"column":8},"end":{"line":62,"column":10}},"24":{"start":{"line":65,"column":6},"end":{"line":65,"column":27}},"25":{"start":{"line":66,"column":6},"end":{"line":66,"column":47}},"26":{"start":{"line":67,"column":6},"end":{"line":67,"column":23}},"27":{"start":{"line":69,"column":6},"end":{"line":73,"column":7}},"28":{"start":{"line":70,"column":8},"end":{"line":70,"column":68}},"29":{"start":{"line":72,"column":8},"end":{"line":72,"column":45}},"30":{"start":{"line":74,"column":6},"end":{"line":74,"column":72}},"31":{"start":{"line":78,"column":2},"end":{"line":229,"column":4}},"32":{"start":{"line":82,"column":52},"end":{"line":82,"column":71}},"33":{"start":{"line":97,"column":27},"end":{"line":97,"column":46}},"34":{"start":{"line":112,"column":16},"end":{"line":147,"column":22}},"35":{"start":{"line":160,"column":32},"end":{"line":160,"column":56}},"36":{"start":{"line":169,"column":32},"end":{"line":169,"column":61}},"37":{"start":{"line":183,"column":32},"end":{"line":183,"column":56}},"38":{"start":{"line":192,"column":32},"end":{"line":192,"column":62}},"39":{"start":{"line":201,"column":32},"end":{"line":201,"column":55}}},"fnMap":{"0":{"name":"(anonymous_0)","decl":{"start":{"line":7,"column":21},"end":{"line":7,"column":22}},"loc":{"start":{"line":7,"column":27},"end":{"line":230,"column":1}},"line":7},"1":{"name":"(anonymous_1)","decl":{"start":{"line":13,"column":45},"end":{"line":13,"column":46}},"loc":{"start":{"line":13,"column":51},"end":{"line":20,"column":3}},"line":13},"2":{"name":"(anonymous_2)","decl":{"start":{"line":27,"column":4},"end":{"line":27,"column":5}},"loc":{"start":{"line":27,"column":19},"end":{"line":27,"column":51}},"line":27},"3":{"name":"(anonymous_3)","decl":{"start":{"line":34,"column":27},"end":{"line":34,"column":28}},"loc":{"start":{"line":34,"column":39},"end":{"line":76,"column":3}},"line":34},"4":{"name":"(anonymous_4)","decl":{"start":{"line":82,"column":46},"end":{"line":82,"column":47}},"loc":{"start":{"line":82,"column":52},"end":{"line":82,"column":71}},"line":82},"5":{"name":"(anonymous_5)","decl":{"start":{"line":97,"column":21},"end":{"line":97,"column":22}},"loc":{"start":{"line":97,"column":27},"end":{"line":97,"column":46}},"line":97},"6":{"name":"(anonymous_6)","decl":{"start":{"line":111,"column":28},"end":{"line":111,"column":29}},"loc":{"start":{"line":112,"column":16},"end":{"line":147,"column":22}},"line":112},"7":{"name":"(anonymous_7)","decl":{"start":{"line":160,"column":26},"end":{"line":160,"column":27}},"loc":{"start":{"line":160,"column":32},"end":{"line":160,"column":56}},"line":160},"8":{"name":"(anonymous_8)","decl":{"start":{"line":169,"column":26},"end":{"line":169,"column":27}},"loc":{"start":{"line":169,"column":32},"end":{"line":169,"column":61}},"line":169},"9":{"name":"(anonymous_9)","decl":{"start":{"line":183,"column":26},"end":{"line":183,"column":27}},"loc":{"start":{"line":183,"column":32},"end":{"line":183,"column":56}},"line":183},"10":{"name":"(anonymous_10)","decl":{"start":{"line":192,"column":26},"end":{"line":192,"column":27}},"loc":{"start":{"line":192,"column":32},"end":{"line":192,"column":62}},"line":192},"11":{"name":"(anonymous_11)","decl":{"start":{"line":201,"column":26},"end":{"line":201,"column":27}},"loc":{"start":{"line":201,"column":32},"end":{"line":201,"column":55}},"line":201}},"branchMap":{"0":{"loc":{"start":{"line":16,"column":13},"end":{"line":16,"column":43}},"type":"cond-expr","locations":[{"start":{"line":16,"column":21},"end":{"line":16,"column":38}},{"start":{"line":16,"column":41},"end":{"line":16,"column":43}}],"line":16},"1":{"loc":{"start":{"line":31,"column":22},"end":{"line":31,"column":54}},"type":"cond-expr","locations":[{"start":{"line":31,"column":49},"end":{"line":31,"column":50}},{"start":{"line":31,"column":53},"end":{"line":31,"column":54}}],"line":31},"2":{"loc":{"start":{"line":35,"column":4},"end":{"line":35,"column":39}},"type":"if","locations":[{"start":{"line":35,"column":4},"end":{"line":35,"column":39}},{"start":{},"end":{}}],"line":35},"3":{"loc":{"start":{"line":69,"column":6},"end":{"line":73,"column":7}},"type":"if","locations":[{"start":{"line":69,"column":6},"end":{"line":73,"column":7}},{"start":{"line":71,"column":13},"end":{"line":73,"column":7}}],"line":69},"4":{"loc":{"start":{"line":88,"column":7},"end":{"line":227,"column":7}},"type":"cond-expr","locations":[{"start":{"line":89,"column":8},"end":{"line":102,"column":14}},{"start":{"line":104,"column":8},"end":{"line":226,"column":11}}],"line":88},"5":{"loc":{"start":{"line":108,"column":13},"end":{"line":149,"column":13}},"type":"cond-expr","locations":[{"start":{"line":109,"column":14},"end":{"line":109,"column":40}},{"start":{"line":111,"column":14},"end":{"line":148,"column":16}}],"line":108},"6":{"loc":{"start":{"line":135,"column":21},"end":{"line":141,"column":21}},"type":"binary-expr","locations":[{"start":{"line":135,"column":21},"end":{"line":135,"column":35}},{"start":{"line":136,"column":22},"end":{"line":140,"column":29}}],"line":135},"7":{"loc":{"start":{"line":217,"column":11},"end":{"line":225,"column":11}},"type":"binary-expr","locations":[{"start":{"line":217,"column":11},"end":{"line":217,"column":31}},{"start":{"line":218,"column":12},"end":{"line":224,"column":21}}],"line":217}},"s":{"0":1,"1":27,"2":27,"3":27,"4":18,"5":18,"6":18,"7":1,"8":27,"9":27,"10":27,"11":27,"12":18,"13":27,"14":27,"15":27,"16":27,"17":6,"18":0,"19":6,"20":6,"21":7,"22":7,"23":7,"24":4,"25":4,"26":4,"27":2,"28":0,"29":2,"30":2,"31":27,"32":1,"33":1,"34":18,"35":1,"36":1,"37":1,"38":1,"39":1},"f":{"0":27,"1":18,"2":18,"3":6,"4":1,"5":1,"6":18,"7":1,"8":1,"9":1,"10":1,"11":1},"b":{"0":[12,6],"1":[1,26],"2":[0,6],"3":[0,2],"4":[4,23],"5":[7,16],"6":[18,0],"7":[23,16]},"_coverageSchema":"1a1c01bbd47fc00a2c39e90264f33305004495a9","hash":"211aff88fc139d9ba1f4903df2d1c0c263b0c462"}
,"C:\\Users\\jaga1\\CSC510-Section2-Group7\\proj2\\frontend\\pack-eats\\src\\pages\\customer\\Login.jsx": {"path":"C:\\Users\\jaga1\\CSC510-Section2-Group7\\proj2\\frontend\\pack-eats\\src\\pages\\customer\\Login.jsx","statementMap":{"0":{"start":{"line":5,"column":40},"end":{"line":5,"column":52}},"1":{"start":{"line":6,"column":36},"end":{"line":6,"column":48}},"2":{"start":{"line":7,"column":34},"end":{"line":7,"column":46}},"3":{"start":{"line":9,"column":24},"end":{"line":33,"column":5}},"4":{"start":{"line":10,"column":8},"end":{"line":10,"column":27}},"5":{"start":{"line":11,"column":8},"end":{"line":11,"column":23}},"6":{"start":{"line":13,"column":8},"end":{"line":32,"column":9}},"7":{"start":{"line":15,"column":29},"end":{"line":18,"column":14}},"8":{"start":{"line":20,"column":12},"end":{"line":20,"column":55}},"9":{"start":{"line":21,"column":12},"end":{"line":21,"column":63}},"10":{"start":{"line":23,"column":12},"end":{"line":23,"column":61}},"11":{"start":{"line":25,"column":12},"end":{"line":25,"column":39}},"12":{"start":{"line":27,"column":12},"end":{"line":31,"column":13}},"13":{"start":{"line":28,"column":16},"end":{"line":28,"column":66}},"14":{"start":{"line":30,"column":16},"end":{"line":30,"column":51}},"15":{"start":{"line":35,"column":4},"end":{"line":94,"column":6}},"16":{"start":{"line":50,"column":45},"end":{"line":50,"column":74}},"17":{"start":{"line":64,"column":45},"end":{"line":64,"column":72}}},"fnMap":{"0":{"name":"Login","decl":{"start":{"line":4,"column":24},"end":{"line":4,"column":29}},"loc":{"start":{"line":4,"column":32},"end":{"line":95,"column":1}},"line":4},"1":{"name":"(anonymous_1)","decl":{"start":{"line":9,"column":24},"end":{"line":9,"column":25}},"loc":{"start":{"line":9,"column":37},"end":{"line":33,"column":5}},"line":9},"2":{"name":"(anonymous_2)","decl":{"start":{"line":50,"column":38},"end":{"line":50,"column":39}},"loc":{"start":{"line":50,"column":45},"end":{"line":50,"column":74}},"line":50},"3":{"name":"(anonymous_3)","decl":{"start":{"line":64,"column":38},"end":{"line":64,"column":39}},"loc":{"start":{"line":64,"column":45},"end":{"line":64,"column":72}},"line":64}},"branchMap":{"0":{"loc":{"start":{"line":23,"column":23},"end":{"line":23,"column":59}},"type":"binary-expr","locations":[{"start":{"line":23,"column":23},"end":{"line":23,"column":36}},{"start":{"line":23,"column":40},"end":{"line":23,"column":59}}],"line":23},"1":{"loc":{"start":{"line":27,"column":12},"end":{"line":31,"column":13}},"type":"if","locations":[{"start":{"line":27,"column":12},"end":{"line":31,"column":13}},{"start":{"line":29,"column":19},"end":{"line":31,"column":13}}],"line":27},"2":{"loc":{"start":{"line":28,"column":27},"end":{"line":28,"column":64}},"type":"binary-expr","locations":[{"start":{"line":28,"column":27},"end":{"line":28,"column":46}},{"start":{"line":28,"column":50},"end":{"line":28,"column":64}}],"line":28},"3":{"loc":{"start":{"line":83,"column":17},"end":{"line":91,"column":17}},"type":"binary-expr","locations":[{"start":{"line":83,"column":17},"end":{"line":83,"column":24}},{"start":{"line":84,"column":20},"end":{"line":90,"column":24}}],"line":83},"4":{"loc":{"start":{"line":86,"column":28},"end":{"line":86,"column":94}},"type":"cond-expr","locations":[{"start":{"line":86,"column":61},"end":{"line":86,"column":77}},{"start":{"line":86,"column":80},"end":{"line":86,"column":94}}],"line":86}},"s":{"0":26,"1":26,"2":26,"3":26,"4":5,"5":5,"6":5,"7":5,"8":1,"9":1,"10":1,"11":1,"12":4,"13":3,"14":1,"15":26,"16":5,"17":5},"f":{"0":26,"1":5,"2":5,"3":5},"b":{"0":[1,0],"1":[3,1],"2":[3,0],"3":[26,5],"4":[1,4]},"_coverageSchema":"1a1c01bbd47fc00a2c39e90264f33305004495a9","hash":"7130f1285589788e4df246446e1aecb436546ba1"}
,"C:\\Users\\jaga1\\CSC510-Section2-Group7\\proj2\\frontend\\pack-eats\\src\\pages\\customer\\Quiz.jsx": {"path":"C:\\Users\\jaga1\\CSC510-Section2-Group7\\proj2\\frontend\\pack-eats\\src\\pages\\customer\\Quiz.jsx","statementMap":{"0":{"start":{"line":8,"column":21},"end":{"line":8,"column":34}},"1":{"start":{"line":10,"column":42},"end":{"line":16,"column":6}},"2":{"start":{"line":18,"column":46},"end":{"line":18,"column":58}},"3":{"start":{"line":19,"column":52},"end":{"line":19,"column":64}},"4":{"start":{"line":22,"column":38},"end":{"line":29,"column":6}},"5":{"start":{"line":23,"column":8},"end":{"line":28,"column":9}},"6":{"start":{"line":24,"column":26},"end":{"line":24,"column":63}},"7":{"start":{"line":25,"column":12},"end":{"line":25,"column":50}},"8":{"start":{"line":27,"column":12},"end":{"line":27,"column":22}},"9":{"start":{"line":31,"column":4},"end":{"line":37,"column":20}},"10":{"start":{"line":32,"column":8},"end":{"line":36,"column":9}},"11":{"start":{"line":33,"column":12},"end":{"line":33,"column":77}},"12":{"start":{"line":35,"column":12},"end":{"line":35,"column":55}},"13":{"start":{"line":39,"column":26},"end":{"line":45,"column":5}},"14":{"start":{"line":47,"column":25},"end":{"line":49,"column":5}},"15":{"start":{"line":48,"column":8},"end":{"line":48,"column":64}},"16":{"start":{"line":51,"column":25},"end":{"line":76,"column":5}},"17":{"start":{"line":52,"column":8},"end":{"line":52,"column":27}},"18":{"start":{"line":53,"column":27},"end":{"line":53,"column":77}},"19":{"start":{"line":53,"column":66},"end":{"line":53,"column":76}},"20":{"start":{"line":54,"column":8},"end":{"line":57,"column":9}},"21":{"start":{"line":55,"column":12},"end":{"line":55,"column":72}},"22":{"start":{"line":56,"column":12},"end":{"line":56,"column":19}},"23":{"start":{"line":60,"column":19},"end":{"line":60,"column":21}},"24":{"start":{"line":61,"column":8},"end":{"line":73,"column":11}},"25":{"start":{"line":62,"column":12},"end":{"line":72,"column":13}},"26":{"start":{"line":63,"column":32},"end":{"line":68,"column":17}},"27":{"start":{"line":69,"column":16},"end":{"line":69,"column":49}},"28":{"start":{"line":71,"column":16},"end":{"line":71,"column":31}},"29":{"start":{"line":75,"column":8},"end":{"line":75,"column":31}},"30":{"start":{"line":78,"column":4},"end":{"line":107,"column":24}},"31":{"start":{"line":79,"column":8},"end":{"line":79,"column":47}},"32":{"start":{"line":79,"column":40},"end":{"line":79,"column":47}},"33":{"start":{"line":81,"column":35},"end":{"line":104,"column":9}},"34":{"start":{"line":82,"column":12},"end":{"line":103,"column":13}},"35":{"start":{"line":83,"column":33},"end":{"line":85,"column":18}},"36":{"start":{"line":86,"column":37},"end":{"line":86,"column":50}},"37":{"start":{"line":89,"column":31},"end":{"line":93,"column":18}},"38":{"start":{"line":90,"column":33},"end":{"line":90,"column":63}},"39":{"start":{"line":91,"column":39},"end":{"line":91,"column":93}},"40":{"start":{"line":91,"column":58},"end":{"line":91,"column":85}},"41":{"start":{"line":92,"column":20},"end":{"line":92,"column":48}},"42":{"start":{"line":95,"column":16},"end":{"line":95,"column":67}},"43":{"start":{"line":95,"column":38},"end":{"line":95,"column":65}},"44":{"start":{"line":97,"column":29},"end":{"line":97,"column":64}},"45":{"start":{"line":97,"column":57},"end":{"line":97,"column":63}},"46":{"start":{"line":99,"column":16},"end":{"line":99,"column":42}},"47":{"start":{"line":101,"column":16},"end":{"line":101,"column":65}},"48":{"start":{"line":102,"column":16},"end":{"line":102,"column":40}},"49":{"start":{"line":106,"column":8},"end":{"line":106,"column":29}},"50":{"start":{"line":109,"column":28},"end":{"line":110,"column":61}},"51":{"start":{"line":110,"column":8},"end":{"line":110,"column":61}},"52":{"start":{"line":110,"column":29},"end":{"line":110,"column":45}},"53":{"start":{"line":112,"column":29},"end":{"line":130,"column":5}},"54":{"start":{"line":113,"column":8},"end":{"line":129,"column":11}},"55":{"start":{"line":114,"column":34},"end":{"line":114,"column":77}},"56":{"start":{"line":114,"column":59},"end":{"line":114,"column":76}},"57":{"start":{"line":115,"column":12},"end":{"line":127,"column":13}},"58":{"start":{"line":116,"column":16},"end":{"line":120,"column":68}},"59":{"start":{"line":117,"column":20},"end":{"line":119,"column":22}},"60":{"start":{"line":118,"column":24},"end":{"line":118,"column":89}},"61":{"start":{"line":120,"column":21},"end":{"line":120,"column":68}},"62":{"start":{"line":121,"column":19},"end":{"line":127,"column":13}},"63":{"start":{"line":122,"column":16},"end":{"line":126,"column":51}},"64":{"start":{"line":124,"column":24},"end":{"line":124,"column":89}},"65":{"start":{"line":126,"column":34},"end":{"line":126,"column":49}},"66":{"start":{"line":128,"column":12},"end":{"line":128,"column":28}},"67":{"start":{"line":132,"column":23},"end":{"line":135,"column":5}},"68":{"start":{"line":133,"column":23},"end":{"line":133,"column":55}},"69":{"start":{"line":136,"column":23},"end":{"line":136,"column":78}},"70":{"start":{"line":136,"column":55},"end":{"line":136,"column":74}},"71":{"start":{"line":138,"column":4},"end":{"line":267,"column":6}},"72":{"start":{"line":142,"column":43},"end":{"line":142,"column":62}},"73":{"start":{"line":160,"column":28},"end":{"line":182,"column":34}},"74":{"start":{"line":166,"column":40},"end":{"line":179,"column":48}},"75":{"start":{"line":175,"column":64},"end":{"line":175,"column":87}},"76":{"start":{"line":196,"column":56},"end":{"line":196,"column":80}},"77":{"start":{"line":197,"column":49},"end":{"line":197,"column":96}},"78":{"start":{"line":197,"column":70},"end":{"line":197,"column":87}},"79":{"start":{"line":199,"column":32},"end":{"line":242,"column":34}},"80":{"start":{"line":219,"column":71},"end":{"line":219,"column":100}},"81":{"start":{"line":227,"column":75},"end":{"line":227,"column":114}},"82":{"start":{"line":233,"column":75},"end":{"line":233,"column":108}},"83":{"start":{"line":247,"column":51},"end":{"line":247,"column":72}}},"fnMap":{"0":{"name":"Quiz","decl":{"start":{"line":7,"column":9},"end":{"line":7,"column":13}},"loc":{"start":{"line":7,"column":16},"end":{"line":268,"column":1}},"line":7},"1":{"name":"(anonymous_1)","decl":{"start":{"line":22,"column":47},"end":{"line":22,"column":48}},"loc":{"start":{"line":22,"column":53},"end":{"line":29,"column":5}},"line":22},"2":{"name":"(anonymous_2)","decl":{"start":{"line":31,"column":14},"end":{"line":31,"column":15}},"loc":{"start":{"line":31,"column":20},"end":{"line":37,"column":5}},"line":31},"3":{"name":"(anonymous_3)","decl":{"start":{"line":47,"column":25},"end":{"line":47,"column":26}},"loc":{"start":{"line":47,"column":48},"end":{"line":49,"column":5}},"line":47},"4":{"name":"(anonymous_4)","decl":{"start":{"line":51,"column":25},"end":{"line":51,"column":26}},"loc":{"start":{"line":51,"column":32},"end":{"line":76,"column":5}},"line":51},"5":{"name":"(anonymous_5)","decl":{"start":{"line":53,"column":59},"end":{"line":53,"column":60}},"loc":{"start":{"line":53,"column":66},"end":{"line":53,"column":76}},"line":53},"6":{"name":"(anonymous_6)","decl":{"start":{"line":61,"column":44},"end":{"line":61,"column":45}},"loc":{"start":{"line":61,"column":60},"end":{"line":73,"column":9}},"line":61},"7":{"name":"(anonymous_7)","decl":{"start":{"line":78,"column":14},"end":{"line":78,"column":15}},"loc":{"start":{"line":78,"column":20},"end":{"line":107,"column":5}},"line":78},"8":{"name":"(anonymous_8)","decl":{"start":{"line":81,"column":35},"end":{"line":81,"column":36}},"loc":{"start":{"line":81,"column":47},"end":{"line":104,"column":9}},"line":81},"9":{"name":"(anonymous_9)","decl":{"start":{"line":89,"column":48},"end":{"line":89,"column":49}},"loc":{"start":{"line":89,"column":56},"end":{"line":93,"column":17}},"line":89},"10":{"name":"(anonymous_10)","decl":{"start":{"line":91,"column":51},"end":{"line":91,"column":52}},"loc":{"start":{"line":91,"column":58},"end":{"line":91,"column":85}},"line":91},"11":{"name":"(anonymous_11)","decl":{"start":{"line":95,"column":28},"end":{"line":95,"column":29}},"loc":{"start":{"line":95,"column":38},"end":{"line":95,"column":65}},"line":95},"12":{"name":"(anonymous_12)","decl":{"start":{"line":97,"column":52},"end":{"line":97,"column":53}},"loc":{"start":{"line":97,"column":57},"end":{"line":97,"column":63}},"line":97},"13":{"name":"(anonymous_13)","decl":{"start":{"line":109,"column":28},"end":{"line":109,"column":29}},"loc":{"start":{"line":110,"column":8},"end":{"line":110,"column":61}},"line":110},"14":{"name":"(anonymous_14)","decl":{"start":{"line":110,"column":23},"end":{"line":110,"column":24}},"loc":{"start":{"line":110,"column":29},"end":{"line":110,"column":45}},"line":110},"15":{"name":"(anonymous_15)","decl":{"start":{"line":112,"column":29},"end":{"line":112,"column":30}},"loc":{"start":{"line":112,"column":47},"end":{"line":130,"column":5}},"line":112},"16":{"name":"(anonymous_16)","decl":{"start":{"line":113,"column":21},"end":{"line":113,"column":22}},"loc":{"start":{"line":113,"column":33},"end":{"line":129,"column":9}},"line":113},"17":{"name":"(anonymous_17)","decl":{"start":{"line":114,"column":53},"end":{"line":114,"column":54}},"loc":{"start":{"line":114,"column":59},"end":{"line":114,"column":76}},"line":114},"18":{"name":"(anonymous_18)","decl":{"start":{"line":117,"column":40},"end":{"line":117,"column":41}},"loc":{"start":{"line":118,"column":24},"end":{"line":118,"column":89}},"line":118},"19":{"name":"(anonymous_19)","decl":{"start":{"line":123,"column":25},"end":{"line":123,"column":26}},"loc":{"start":{"line":124,"column":24},"end":{"line":124,"column":89}},"line":124},"20":{"name":"(anonymous_20)","decl":{"start":{"line":126,"column":28},"end":{"line":126,"column":29}},"loc":{"start":{"line":126,"column":34},"end":{"line":126,"column":49}},"line":126},"21":{"name":"(anonymous_21)","decl":{"start":{"line":133,"column":8},"end":{"line":133,"column":9}},"loc":{"start":{"line":133,"column":23},"end":{"line":133,"column":55}},"line":133},"22":{"name":"(anonymous_22)","decl":{"start":{"line":136,"column":40},"end":{"line":136,"column":41}},"loc":{"start":{"line":136,"column":55},"end":{"line":136,"column":74}},"line":136},"23":{"name":"(anonymous_23)","decl":{"start":{"line":142,"column":37},"end":{"line":142,"column":38}},"loc":{"start":{"line":142,"column":43},"end":{"line":142,"column":62}},"line":142},"24":{"name":"(anonymous_24)","decl":{"start":{"line":159,"column":43},"end":{"line":159,"column":44}},"loc":{"start":{"line":160,"column":28},"end":{"line":182,"column":34}},"line":160},"25":{"name":"(anonymous_25)","decl":{"start":{"line":165,"column":51},"end":{"line":165,"column":52}},"loc":{"start":{"line":166,"column":40},"end":{"line":179,"column":48}},"line":166},"26":{"name":"(anonymous_26)","decl":{"start":{"line":175,"column":58},"end":{"line":175,"column":59}},"loc":{"start":{"line":175,"column":64},"end":{"line":175,"column":87}},"line":175},"27":{"name":"(anonymous_27)","decl":{"start":{"line":195,"column":50},"end":{"line":195,"column":51}},"loc":{"start":{"line":195,"column":58},"end":{"line":243,"column":29}},"line":195},"28":{"name":"(anonymous_28)","decl":{"start":{"line":197,"column":64},"end":{"line":197,"column":65}},"loc":{"start":{"line":197,"column":70},"end":{"line":197,"column":87}},"line":197},"29":{"name":"(anonymous_29)","decl":{"start":{"line":219,"column":65},"end":{"line":219,"column":66}},"loc":{"start":{"line":219,"column":71},"end":{"line":219,"column":100}},"line":219},"30":{"name":"(anonymous_30)","decl":{"start":{"line":227,"column":69},"end":{"line":227,"column":70}},"loc":{"start":{"line":227,"column":75},"end":{"line":227,"column":114}},"line":227},"31":{"name":"(anonymous_31)","decl":{"start":{"line":233,"column":69},"end":{"line":233,"column":70}},"loc":{"start":{"line":233,"column":75},"end":{"line":233,"column":108}},"line":233},"32":{"name":"(anonymous_32)","decl":{"start":{"line":247,"column":45},"end":{"line":247,"column":46}},"loc":{"start":{"line":247,"column":51},"end":{"line":247,"column":72}},"line":247}},"branchMap":{"0":{"loc":{"start":{"line":25,"column":19},"end":{"line":25,"column":49}},"type":"cond-expr","locations":[{"start":{"line":25,"column":27},"end":{"line":25,"column":44}},{"start":{"line":25,"column":47},"end":{"line":25,"column":49}}],"line":25},"1":{"loc":{"start":{"line":54,"column":8},"end":{"line":57,"column":9}},"type":"if","locations":[{"start":{"line":54,"column":8},"end":{"line":57,"column":9}},{"start":{},"end":{}}],"line":54},"2":{"loc":{"start":{"line":62,"column":12},"end":{"line":72,"column":13}},"type":"if","locations":[{"start":{"line":62,"column":12},"end":{"line":72,"column":13}},{"start":{"line":70,"column":19},"end":{"line":72,"column":13}}],"line":62},"3":{"loc":{"start":{"line":79,"column":8},"end":{"line":79,"column":47}},"type":"if","locations":[{"start":{"line":79,"column":8},"end":{"line":79,"column":47}},{"start":{},"end":{}}],"line":79},"4":{"loc":{"start":{"line":90,"column":33},"end":{"line":90,"column":63}},"type":"binary-expr","locations":[{"start":{"line":90,"column":33},"end":{"line":90,"column":57}},{"start":{"line":90,"column":61},"end":{"line":90,"column":63}}],"line":90},"5":{"loc":{"start":{"line":110,"column":8},"end":{"line":110,"column":61}},"type":"binary-expr","locations":[{"start":{"line":110,"column":8},"end":{"line":110,"column":56}},{"start":{"line":110,"column":60},"end":{"line":110,"column":61}}],"line":110},"6":{"loc":{"start":{"line":115,"column":12},"end":{"line":127,"column":13}},"type":"if","locations":[{"start":{"line":115,"column":12},"end":{"line":127,"column":13}},{"start":{"line":121,"column":19},"end":{"line":127,"column":13}}],"line":115},"7":{"loc":{"start":{"line":115,"column":16},"end":{"line":115,"column":58}},"type":"binary-expr","locations":[{"start":{"line":115,"column":16},"end":{"line":115,"column":32}},{"start":{"line":115,"column":36},"end":{"line":115,"column":58}}],"line":115},"8":{"loc":{"start":{"line":116,"column":16},"end":{"line":120,"column":68}},"type":"if","locations":[{"start":{"line":116,"column":16},"end":{"line":120,"column":68}},{"start":{"line":120,"column":21},"end":{"line":120,"column":68}}],"line":116},"9":{"loc":{"start":{"line":118,"column":24},"end":{"line":118,"column":89}},"type":"cond-expr","locations":[{"start":{"line":118,"column":48},"end":{"line":118,"column":84}},{"start":{"line":118,"column":87},"end":{"line":118,"column":89}}],"line":118},"10":{"loc":{"start":{"line":121,"column":19},"end":{"line":127,"column":13}},"type":"if","locations":[{"start":{"line":121,"column":19},"end":{"line":127,"column":13}},{"start":{},"end":{}}],"line":121},"11":{"loc":{"start":{"line":121,"column":23},"end":{"line":121,"column":67}},"type":"binary-expr","locations":[{"start":{"line":121,"column":23},"end":{"line":121,"column":45}},{"start":{"line":121,"column":49},"end":{"line":121,"column":67}}],"line":121},"12":{"loc":{"start":{"line":124,"column":24},"end":{"line":124,"column":89}},"type":"cond-expr","locations":[{"start":{"line":124,"column":48},"end":{"line":124,"column":84}},{"start":{"line":124,"column":87},"end":{"line":124,"column":89}}],"line":124},"13":{"loc":{"start":{"line":168,"column":76},"end":{"line":168,"column":126}},"type":"cond-expr","locations":[{"start":{"line":168,"column":104},"end":{"line":168,"column":121}},{"start":{"line":168,"column":124},"end":{"line":168,"column":126}}],"line":168},"14":{"loc":{"start":{"line":189,"column":21},"end":{"line":255,"column":21}},"type":"binary-expr","locations":[{"start":{"line":189,"column":21},"end":{"line":189,"column":48}},{"start":{"line":190,"column":24},"end":{"line":254,"column":30}}],"line":189},"15":{"loc":{"start":{"line":197,"column":49},"end":{"line":197,"column":96}},"type":"binary-expr","locations":[{"start":{"line":197,"column":49},"end":{"line":197,"column":88}},{"start":{"line":197,"column":92},"end":{"line":197,"column":96}}],"line":197},"16":{"loc":{"start":{"line":216,"column":49},"end":{"line":216,"column":99}},"type":"binary-expr","locations":[{"start":{"line":216,"column":49},"end":{"line":216,"column":70}},{"start":{"line":216,"column":74},"end":{"line":216,"column":99}}],"line":216},"17":{"loc":{"start":{"line":217,"column":49},"end":{"line":238,"column":49}},"type":"cond-expr","locations":[{"start":{"line":218,"column":52},"end":{"line":223,"column":61}},{"start":{"line":225,"column":52},"end":{"line":237,"column":55}}],"line":217},"18":{"loc":{"start":{"line":245,"column":29},"end":{"line":253,"column":29}},"type":"binary-expr","locations":[{"start":{"line":245,"column":29},"end":{"line":245,"column":43}},{"start":{"line":246,"column":32},"end":{"line":252,"column":41}}],"line":245}},"s":{"0":32,"1":32,"2":32,"3":32,"4":32,"5":8,"6":8,"7":8,"8":1,"9":32,"10":12,"11":12,"12":0,"13":32,"14":32,"15":15,"16":32,"17":4,"18":4,"19":16,"20":4,"21":1,"22":1,"23":3,"24":3,"25":15,"26":3,"27":3,"28":12,"29":3,"30":32,"31":11,"32":8,"33":3,"34":3,"35":3,"36":2,"37":2,"38":4,"39":4,"40":8,"41":4,"42":2,"43":2,"44":2,"45":4,"46":2,"47":1,"48":1,"49":3,"50":32,"51":12,"52":6,"53":32,"54":4,"55":4,"56":3,"57":4,"58":2,"59":1,"60":1,"61":1,"62":2,"63":2,"64":2,"65":2,"66":0,"67":32,"68":3,"69":32,"70":3,"71":32,"72":1,"73":160,"74":512,"75":15,"76":12,"77":12,"78":6,"79":12,"80":1,"81":2,"82":1,"83":0},"f":{"0":32,"1":8,"2":12,"3":15,"4":4,"5":16,"6":15,"7":11,"8":3,"9":4,"10":8,"11":2,"12":4,"13":12,"14":6,"15":4,"16":4,"17":3,"18":1,"19":2,"20":2,"21":3,"22":3,"23":1,"24":160,"25":512,"26":15,"27":12,"28":6,"29":1,"30":2,"31":1,"32":0},"b":{"0":[1,7],"1":[1,3],"2":[3,12],"3":[8,3],"4":[4,0],"5":[12,9],"6":[2,2],"7":[4,2],"8":[1,1],"9":[1,0],"10":[2,0],"11":[2,2],"12":[2,0],"13":[90,422],"14":[32,6],"15":[12,9],"16":[12,9],"17":[9,3],"18":[6,3]},"_coverageSchema":"1a1c01bbd47fc00a2c39e90264f33305004495a9","hash":"fbdb83fad69d016e36d9026332d7067c35304fb0"}
,"C:\\Users\\jaga1\\CSC510-Section2-Group7\\proj2\\frontend\\pack-eats\\src\\pages\\customer\\Register.jsx": {"path":"C:\\Users\\jaga1\\CSC510-Section2-Group7\\proj2\\frontend\\pack-eats\\src\\pages\\customer\\Register.jsx","statementMap":{"0":{"start":{"line":5,"column":36},"end":{"line":11,"column":6}},"1":{"start":{"line":13,"column":34},"end":{"line":13,"column":46}},"2":{"start":{"line":14,"column":34},"end":{"line":14,"column":49}},"3":{"start":{"line":17,"column":25},"end":{"line":19,"column":5}},"4":{"start":{"line":18,"column":8},"end":{"line":18,"column":70}},"5":{"start":{"line":21,"column":25},"end":{"line":48,"column":5}},"6":{"start":{"line":22,"column":8},"end":{"line":22,"column":27}},"7":{"start":{"line":24,"column":8},"end":{"line":27,"column":9}},"8":{"start":{"line":25,"column":12},"end":{"line":25,"column":50}},"9":{"start":{"line":26,"column":12},"end":{"line":26,"column":19}},"10":{"start":{"line":29,"column":8},"end":{"line":29,"column":25}},"11":{"start":{"line":30,"column":8},"end":{"line":30,"column":23}},"12":{"start":{"line":32,"column":8},"end":{"line":47,"column":9}},"13":{"start":{"line":33,"column":29},"end":{"line":33,"column":103}},"14":{"start":{"line":34,"column":12},"end":{"line":34,"column":38}},"15":{"start":{"line":35,"column":12},"end":{"line":41,"column":15}},"16":{"start":{"line":43,"column":12},"end":{"line":43,"column":33}},"17":{"start":{"line":44,"column":12},"end":{"line":44,"column":65}},"18":{"start":{"line":46,"column":12},"end":{"line":46,"column":30}},"19":{"start":{"line":50,"column":4},"end":{"line":126,"column":6}}},"fnMap":{"0":{"name":"Register","decl":{"start":{"line":4,"column":9},"end":{"line":4,"column":17}},"loc":{"start":{"line":4,"column":20},"end":{"line":127,"column":1}},"line":4},"1":{"name":"(anonymous_1)","decl":{"start":{"line":17,"column":25},"end":{"line":17,"column":26}},"loc":{"start":{"line":17,"column":32},"end":{"line":19,"column":5}},"line":17},"2":{"name":"(anonymous_2)","decl":{"start":{"line":21,"column":25},"end":{"line":21,"column":26}},"loc":{"start":{"line":21,"column":38},"end":{"line":48,"column":5}},"line":21}},"branchMap":{"0":{"loc":{"start":{"line":24,"column":8},"end":{"line":27,"column":9}},"type":"if","locations":[{"start":{"line":24,"column":8},"end":{"line":27,"column":9}},{"start":{},"end":{}}],"line":24},"1":{"loc":{"start":{"line":111,"column":25},"end":{"line":111,"column":64}},"type":"cond-expr","locations":[{"start":{"line":111,"column":35},"end":{"line":111,"column":51}},{"start":{"line":111,"column":54},"end":{"line":111,"column":64}}],"line":111},"2":{"loc":{"start":{"line":119,"column":17},"end":{"line":123,"column":17}},"type":"binary-expr","locations":[{"start":{"line":119,"column":17},"end":{"line":119,"column":24}},{"start":{"line":120,"column":20},"end":{"line":122,"column":24}}],"line":119}},"s":{"0":40,"1":40,"2":40,"3":40,"4":25,"5":40,"6":5,"7":5,"8":1,"9":1,"10":4,"11":4,"12":4,"13":4,"14":1,"15":1,"16":3,"17":3,"18":4,"19":40},"f":{"0":40,"1":25,"2":5},"b":{"0":[1,4],"1":[4,36],"2":[40,5]},"_coverageSchema":"1a1c01bbd47fc00a2c39e90264f33305004495a9","hash":"b8b8162da63e380286089c7c8a84605244683a91"}
,"C:\\Users\\jaga1\\CSC510-Section2-Group7\\proj2\\frontend\\pack-eats\\src\\pages\\restaurant\\Dashboard.jsx": {"path":"C:\\Users\\jaga1\\CSC510-Section2-Group7\\proj2\\frontend\\pack-eats\\src\\pages\\restaurant\\Dashboard.jsx","statementMap":{"0":{"start":{"line":4,"column":18},"end":{"line":42,"column":1}},"1":{"start":{"line":5,"column":19},"end":{"line":5,"column":32}},"2":{"start":{"line":7,"column":2},"end":{"line":41,"column":4}},"3":{"start":{"line":21,"column":25},"end":{"line":21,"column":42}},"4":{"start":{"line":35,"column":25},"end":{"line":35,"column":44}}},"fnMap":{"0":{"name":"(anonymous_0)","decl":{"start":{"line":4,"column":18},"end":{"line":4,"column":19}},"loc":{"start":{"line":4,"column":24},"end":{"line":42,"column":1}},"line":4},"1":{"name":"(anonymous_1)","decl":{"start":{"line":21,"column":19},"end":{"line":21,"column":20}},"loc":{"start":{"line":21,"column":25},"end":{"line":21,"column":42}},"line":21},"2":{"name":"(anonymous_2)","decl":{"start":{"line":35,"column":19},"end":{"line":35,"column":20}},"loc":{"start":{"line":35,"column":25},"end":{"line":35,"column":44}},"line":35}},"branchMap":{},"s":{"0":1,"1":6,"2":6,"3":1,"4":1},"f":{"0":6,"1":1,"2":1},"b":{},"_coverageSchema":"1a1c01bbd47fc00a2c39e90264f33305004495a9","hash":"3fccfda8b0a859f571e8ea3ec13520ef704f3c7a"}
,"C:\\Users\\jaga1\\CSC510-Section2-Group7\\proj2\\frontend\\pack-eats\\src\\pages\\restaurant\\Login.jsx": {"path":"C:\\Users\\jaga1\\CSC510-Section2-Group7\\proj2\\frontend\\pack-eats\\src\\pages\\restaurant\\Login.jsx","statementMap":{"0":{"start":{"line":5,"column":14},"end":{"line":50,"column":1}},"1":{"start":{"line":6,"column":28},"end":{"line":6,"column":40}},"2":{"start":{"line":7,"column":34},"end":{"line":7,"column":46}},"3":{"start":{"line":8,"column":28},"end":{"line":8,"column":40}},"4":{"start":{"line":9,"column":19},"end":{"line":9,"column":32}},"5":{"start":{"line":11,"column":22},"end":{"line":25,"column":3}},"6":{"start":{"line":12,"column":4},"end":{"line":12,"column":23}},"7":{"start":{"line":13,"column":4},"end":{"line":13,"column":17}},"8":{"start":{"line":14,"column":4},"end":{"line":24,"column":5}},"9":{"start":{"line":15,"column":23},"end":{"line":15,"column":63}},"10":{"start":{"line":16,"column":6},"end":{"line":21,"column":7}},"11":{"start":{"line":17,"column":8},"end":{"line":17,"column":56}},"12":{"start":{"line":18,"column":8},"end":{"line":18,"column":31}},"13":{"start":{"line":20,"column":8},"end":{"line":20,"column":35}},"14":{"start":{"line":23,"column":6},"end":{"line":23,"column":31}},"15":{"start":{"line":27,"column":2},"end":{"line":49,"column":4}},"16":{"start":{"line":36,"column":27},"end":{"line":36,"column":51}},"17":{"start":{"line":43,"column":27},"end":{"line":43,"column":54}}},"fnMap":{"0":{"name":"(anonymous_0)","decl":{"start":{"line":5,"column":14},"end":{"line":5,"column":15}},"loc":{"start":{"line":5,"column":20},"end":{"line":50,"column":1}},"line":5},"1":{"name":"(anonymous_1)","decl":{"start":{"line":11,"column":22},"end":{"line":11,"column":23}},"loc":{"start":{"line":11,"column":35},"end":{"line":25,"column":3}},"line":11},"2":{"name":"(anonymous_2)","decl":{"start":{"line":36,"column":20},"end":{"line":36,"column":21}},"loc":{"start":{"line":36,"column":27},"end":{"line":36,"column":51}},"line":36},"3":{"name":"(anonymous_3)","decl":{"start":{"line":43,"column":20},"end":{"line":43,"column":21}},"loc":{"start":{"line":43,"column":27},"end":{"line":43,"column":54}},"line":43}},"branchMap":{"0":{"loc":{"start":{"line":16,"column":6},"end":{"line":21,"column":7}},"type":"if","locations":[{"start":{"line":16,"column":6},"end":{"line":21,"column":7}},{"start":{"line":19,"column":13},"end":{"line":21,"column":7}}],"line":16},"1":{"loc":{"start":{"line":31,"column":9},"end":{"line":31,"column":54}},"type":"binary-expr","locations":[{"start":{"line":31,"column":9},"end":{"line":31,"column":14}},{"start":{"line":31,"column":18},"end":{"line":31,"column":54}}],"line":31}},"s":{"0":1,"1":15,"2":15,"3":15,"4":15,"5":15,"6":3,"7":3,"8":3,"9":3,"10":2,"11":1,"12":1,"13":1,"14":1,"15":15,"16":3,"17":3},"f":{"0":15,"1":3,"2":3,"3":3},"b":{"0":[1,1],"1":[15,2]},"_coverageSchema":"1a1c01bbd47fc00a2c39e90264f33305004495a9","hash":"023e091f7c5a254d31648bca340f2728b3e5e697"}
,"C:\\Users\\jaga1\\CSC510-Section2-Group7\\proj2\\frontend\\pack-eats\\src\\pages\\restaurant\\Menu.jsx": {"path":"C:\\Users\\jaga1\\CSC510-Section2-Group7\\proj2\\frontend\\pack-eats\\src\\pages\\restaurant\\Menu.jsx","statementMap":{"0":{"start":{"line":5,"column":17},"end":{"line":5,"column":49}},"1":{"start":{"line":6,"column":17},"end":{"line":6,"column":49}},"2":{"start":{"line":8,"column":13},"end":{"line":155,"column":1}},"3":{"start":{"line":9,"column":36},"end":{"line":9,"column":48}},"4":{"start":{"line":10,"column":26},"end":{"line":10,"column":107}},"5":{"start":{"line":11,"column":28},"end":{"line":11,"column":40}},"6":{"start":{"line":12,"column":28},"end":{"line":12,"column":40}},"7":{"start":{"line":13,"column":34},"end":{"line":13,"column":46}},"8":{"start":{"line":14,"column":34},"end":{"line":14,"column":49}},"9":{"start":{"line":16,"column":19},"end":{"line":16,"column":32}},"10":{"start":{"line":18,"column":22},"end":{"line":38,"column":3}},"11":{"start":{"line":19,"column":4},"end":{"line":19,"column":23}},"12":{"start":{"line":20,"column":4},"end":{"line":37,"column":5}},"13":{"start":{"line":21,"column":18},"end":{"line":25,"column":8}},"14":{"start":{"line":26,"column":6},"end":{"line":26,"column":51}},"15":{"start":{"line":26,"column":19},"end":{"line":26,"column":51}},"16":{"start":{"line":27,"column":19},"end":{"line":27,"column":35}},"17":{"start":{"line":28,"column":6},"end":{"line":34,"column":7}},"18":{"start":{"line":29,"column":8},"end":{"line":29,"column":52}},"19":{"start":{"line":30,"column":8},"end":{"line":30,"column":26}},"20":{"start":{"line":31,"column":8},"end":{"line":31,"column":20}},"21":{"start":{"line":33,"column":8},"end":{"line":33,"column":56}},"22":{"start":{"line":36,"column":6},"end":{"line":36,"column":28}},"23":{"start":{"line":40,"column":20},"end":{"line":47,"column":3}},"24":{"start":{"line":41,"column":4},"end":{"line":46,"column":5}},"25":{"start":{"line":42,"column":19},"end":{"line":42,"column":34}},"26":{"start":{"line":43,"column":6},"end":{"line":43,"column":56}},"27":{"start":{"line":45,"column":6},"end":{"line":45,"column":53}},"28":{"start":{"line":49,"column":23},"end":{"line":52,"column":3}},"29":{"start":{"line":50,"column":43},"end":{"line":50,"column":51}},"30":{"start":{"line":51,"column":4},"end":{"line":51,"column":72}},"31":{"start":{"line":54,"column":23},"end":{"line":63,"column":3}},"32":{"start":{"line":55,"column":4},"end":{"line":55,"column":23}},"33":{"start":{"line":56,"column":4},"end":{"line":62,"column":5}},"34":{"start":{"line":57,"column":6},"end":{"line":57,"column":68}},"35":{"start":{"line":58,"column":6},"end":{"line":58,"column":87}},"36":{"start":{"line":59,"column":6},"end":{"line":59,"column":18}},"37":{"start":{"line":61,"column":6},"end":{"line":61,"column":28}},"38":{"start":{"line":65,"column":23},"end":{"line":72,"column":3}},"39":{"start":{"line":66,"column":4},"end":{"line":71,"column":5}},"40":{"start":{"line":67,"column":6},"end":{"line":67,"column":31}},"41":{"start":{"line":68,"column":6},"end":{"line":68,"column":18}},"42":{"start":{"line":70,"column":6},"end":{"line":70,"column":45}},"43":{"start":{"line":74,"column":35},"end":{"line":81,"column":3}},"44":{"start":{"line":75,"column":4},"end":{"line":80,"column":5}},"45":{"start":{"line":76,"column":6},"end":{"line":76,"column":72}},"46":{"start":{"line":77,"column":6},"end":{"line":77,"column":18}},"47":{"start":{"line":79,"column":6},"end":{"line":79,"column":48}},"48":{"start":{"line":83,"column":2},"end":{"line":89,"column":9}},"49":{"start":{"line":84,"column":19},"end":{"line":84,"column":49}},"50":{"start":{"line":85,"column":4},"end":{"line":88,"column":5}},"51":{"start":{"line":86,"column":6},"end":{"line":86,"column":24}},"52":{"start":{"line":87,"column":6},"end":{"line":87,"column":18}},"53":{"start":{"line":91,"column":2},"end":{"line":103,"column":3}},"54":{"start":{"line":92,"column":4},"end":{"line":102,"column":6}},"55":{"start":{"line":97,"column":81},"end":{"line":97,"column":105}},"56":{"start":{"line":98,"column":90},"end":{"line":98,"column":117}},"57":{"start":{"line":105,"column":2},"end":{"line":154,"column":4}},"58":{"start":{"line":111,"column":25},"end":{"line":111,"column":44}},"59":{"start":{"line":139,"column":12},"end":{"line":149,"column":17}},"60":{"start":{"line":146,"column":39},"end":{"line":146,"column":60}},"61":{"start":{"line":147,"column":39},"end":{"line":147,"column":78}},"62":{"start":{"line":158,"column":16},"end":{"line":165,"column":1}},"63":{"start":{"line":159,"column":17},"end":{"line":159,"column":47}},"64":{"start":{"line":160,"column":2},"end":{"line":160,"column":50}},"65":{"start":{"line":160,"column":15},"end":{"line":160,"column":50}},"66":{"start":{"line":161,"column":14},"end":{"line":161,"column":57}},"67":{"start":{"line":162,"column":2},"end":{"line":162,"column":55}},"68":{"start":{"line":162,"column":15},"end":{"line":162,"column":55}},"69":{"start":{"line":163,"column":15},"end":{"line":163,"column":31}},"70":{"start":{"line":164,"column":2},"end":{"line":164,"column":38}},"71":{"start":{"line":167,"column":20},"end":{"line":175,"column":1}},"72":{"start":{"line":168,"column":17},"end":{"line":168,"column":47}},"73":{"start":{"line":169,"column":14},"end":{"line":173,"column":4}},"74":{"start":{"line":174,"column":2},"end":{"line":174,"column":53}},"75":{"start":{"line":174,"column":15},"end":{"line":174,"column":53}},"76":{"start":{"line":177,"column":23},"end":{"line":184,"column":1}},"77":{"start":{"line":178,"column":14},"end":{"line":182,"column":4}},"78":{"start":{"line":183,"column":2},"end":{"line":183,"column":56}},"79":{"start":{"line":183,"column":15},"end":{"line":183,"column":56}},"80":{"start":{"line":186,"column":23},"end":{"line":189,"column":1}},"81":{"start":{"line":187,"column":14},"end":{"line":187,"column":68}},"82":{"start":{"line":188,"column":2},"end":{"line":188,"column":56}},"83":{"start":{"line":188,"column":15},"end":{"line":188,"column":56}}},"fnMap":{"0":{"name":"(anonymous_0)","decl":{"start":{"line":8,"column":13},"end":{"line":8,"column":14}},"loc":{"start":{"line":8,"column":19},"end":{"line":155,"column":1}},"line":8},"1":{"name":"(anonymous_1)","decl":{"start":{"line":18,"column":22},"end":{"line":18,"column":23}},"loc":{"start":{"line":18,"column":35},"end":{"line":38,"column":3}},"line":18},"2":{"name":"(anonymous_2)","decl":{"start":{"line":40,"column":20},"end":{"line":40,"column":21}},"loc":{"start":{"line":40,"column":32},"end":{"line":47,"column":3}},"line":40},"3":{"name":"(anonymous_3)","decl":{"start":{"line":49,"column":23},"end":{"line":49,"column":24}},"loc":{"start":{"line":49,"column":30},"end":{"line":52,"column":3}},"line":49},"4":{"name":"(anonymous_4)","decl":{"start":{"line":54,"column":23},"end":{"line":54,"column":24}},"loc":{"start":{"line":54,"column":36},"end":{"line":63,"column":3}},"line":54},"5":{"name":"(anonymous_5)","decl":{"start":{"line":65,"column":23},"end":{"line":65,"column":24}},"loc":{"start":{"line":65,"column":37},"end":{"line":72,"column":3}},"line":65},"6":{"name":"(anonymous_6)","decl":{"start":{"line":74,"column":35},"end":{"line":74,"column":36}},"loc":{"start":{"line":74,"column":55},"end":{"line":81,"column":3}},"line":74},"7":{"name":"(anonymous_7)","decl":{"start":{"line":83,"column":12},"end":{"line":83,"column":13}},"loc":{"start":{"line":83,"column":18},"end":{"line":89,"column":3}},"line":83},"8":{"name":"(anonymous_8)","decl":{"start":{"line":97,"column":74},"end":{"line":97,"column":75}},"loc":{"start":{"line":97,"column":81},"end":{"line":97,"column":105}},"line":97},"9":{"name":"(anonymous_9)","decl":{"start":{"line":98,"column":83},"end":{"line":98,"column":84}},"loc":{"start":{"line":98,"column":90},"end":{"line":98,"column":117}},"line":98},"10":{"name":"(anonymous_10)","decl":{"start":{"line":111,"column":19},"end":{"line":111,"column":20}},"loc":{"start":{"line":111,"column":25},"end":{"line":111,"column":44}},"line":111},"11":{"name":"(anonymous_11)","decl":{"start":{"line":138,"column":25},"end":{"line":138,"column":26}},"loc":{"start":{"line":139,"column":12},"end":{"line":149,"column":17}},"line":139},"12":{"name":"(anonymous_12)","decl":{"start":{"line":146,"column":33},"end":{"line":146,"column":34}},"loc":{"start":{"line":146,"column":39},"end":{"line":146,"column":60}},"line":146},"13":{"name":"(anonymous_13)","decl":{"start":{"line":147,"column":33},"end":{"line":147,"column":34}},"loc":{"start":{"line":147,"column":39},"end":{"line":147,"column":78}},"line":147},"14":{"name":"(anonymous_14)","decl":{"start":{"line":158,"column":16},"end":{"line":158,"column":17}},"loc":{"start":{"line":158,"column":28},"end":{"line":165,"column":1}},"line":158},"15":{"name":"(anonymous_15)","decl":{"start":{"line":167,"column":20},"end":{"line":167,"column":21}},"loc":{"start":{"line":167,"column":36},"end":{"line":175,"column":1}},"line":167},"16":{"name":"(anonymous_16)","decl":{"start":{"line":177,"column":23},"end":{"line":177,"column":24}},"loc":{"start":{"line":177,"column":43},"end":{"line":184,"column":1}},"line":177},"17":{"name":"(anonymous_17)","decl":{"start":{"line":186,"column":23},"end":{"line":186,"column":24}},"loc":{"start":{"line":186,"column":37},"end":{"line":189,"column":1}},"line":186}},"branchMap":{"0":{"loc":{"start":{"line":26,"column":6},"end":{"line":26,"column":51}},"type":"if","locations":[{"start":{"line":26,"column":6},"end":{"line":26,"column":51}},{"start":{},"end":{}}],"line":26},"1":{"loc":{"start":{"line":28,"column":6},"end":{"line":34,"column":7}},"type":"if","locations":[{"start":{"line":28,"column":6},"end":{"line":34,"column":7}},{"start":{"line":32,"column":13},"end":{"line":34,"column":7}}],"line":28},"2":{"loc":{"start":{"line":28,"column":10},"end":{"line":28,"column":37}},"type":"binary-expr","locations":[{"start":{"line":28,"column":10},"end":{"line":28,"column":22}},{"start":{"line":28,"column":26},"end":{"line":28,"column":37}}],"line":28},"3":{"loc":{"start":{"line":33,"column":24},"end":{"line":33,"column":54}},"type":"binary-expr","locations":[{"start":{"line":33,"column":24},"end":{"line":33,"column":36}},{"start":{"line":33,"column":40},"end":{"line":33,"column":54}}],"line":33},"4":{"loc":{"start":{"line":43,"column":19},"end":{"line":43,"column":54}},"type":"cond-expr","locations":[{"start":{"line":43,"column":41},"end":{"line":43,"column":45}},{"start":{"line":43,"column":48},"end":{"line":43,"column":54}}],"line":43},"5":{"loc":{"start":{"line":45,"column":15},"end":{"line":45,"column":51}},"type":"binary-expr","locations":[{"start":{"line":45,"column":15},"end":{"line":45,"column":26}},{"start":{"line":45,"column":30},"end":{"line":45,"column":51}}],"line":45},"6":{"loc":{"start":{"line":51,"column":31},"end":{"line":51,"column":68}},"type":"cond-expr","locations":[{"start":{"line":51,"column":53},"end":{"line":51,"column":60}},{"start":{"line":51,"column":63},"end":{"line":51,"column":68}}],"line":51},"7":{"loc":{"start":{"line":85,"column":4},"end":{"line":88,"column":5}},"type":"if","locations":[{"start":{"line":85,"column":4},"end":{"line":88,"column":5}},{"start":{},"end":{}}],"line":85},"8":{"loc":{"start":{"line":91,"column":2},"end":{"line":103,"column":3}},"type":"if","locations":[{"start":{"line":91,"column":2},"end":{"line":103,"column":3}},{"start":{},"end":{}}],"line":91},"9":{"loc":{"start":{"line":95,"column":9},"end":{"line":95,"column":54}},"type":"binary-expr","locations":[{"start":{"line":95,"column":9},"end":{"line":95,"column":14}},{"start":{"line":95,"column":18},"end":{"line":95,"column":54}}],"line":95},"10":{"loc":{"start":{"line":118,"column":7},"end":{"line":118,"column":52}},"type":"binary-expr","locations":[{"start":{"line":118,"column":7},"end":{"line":118,"column":12}},{"start":{"line":118,"column":16},"end":{"line":118,"column":52}}],"line":118},"11":{"loc":{"start":{"line":144,"column":19},"end":{"line":144,"column":48}},"type":"cond-expr","locations":[{"start":{"line":144,"column":36},"end":{"line":144,"column":41}},{"start":{"line":144,"column":44},"end":{"line":144,"column":48}}],"line":144},"12":{"loc":{"start":{"line":160,"column":2},"end":{"line":160,"column":50}},"type":"if","locations":[{"start":{"line":160,"column":2},"end":{"line":160,"column":50}},{"start":{},"end":{}}],"line":160},"13":{"loc":{"start":{"line":162,"column":2},"end":{"line":162,"column":55}},"type":"if","locations":[{"start":{"line":162,"column":2},"end":{"line":162,"column":55}},{"start":{},"end":{}}],"line":162},"14":{"loc":{"start":{"line":164,"column":9},"end":{"line":164,"column":37}},"type":"cond-expr","locations":[{"start":{"line":164,"column":16},"end":{"line":164,"column":32}},{"start":{"line":164,"column":35},"end":{"line":164,"column":37}}],"line":164},"15":{"loc":{"start":{"line":174,"column":2},"end":{"line":174,"column":53}},"type":"if","locations":[{"start":{"line":174,"column":2},"end":{"line":174,"column":53}},{"start":{},"end":{}}],"line":174},"16":{"loc":{"start":{"line":183,"column":2},"end":{"line":183,"column":56}},"type":"if","locations":[{"start":{"line":183,"column":2},"end":{"line":183,"column":56}},{"start":{},"end":{}}],"line":183},"17":{"loc":{"start":{"line":188,"column":2},"end":{"line":188,"column":56}},"type":"if","locations":[{"start":{"line":188,"column":2},"end":{"line":188,"column":56}},{"start":{},"end":{}}],"line":188}},"s":{"0":1,"1":1,"2":1,"3":26,"4":26,"5":26,"6":26,"7":26,"8":26,"9":26,"10":26,"11":2,"12":2,"13":2,"14":2,"15":1,"16":1,"17":1,"18":1,"19":1,"20":1,"21":0,"22":1,"23":26,"24":8,"25":8,"26":8,"27":0,"28":26,"29":4,"30":4,"31":26,"32":1,"33":1,"34":1,"35":1,"36":1,"37":0,"38":26,"39":1,"40":1,"41":1,"42":0,"43":26,"44":1,"45":1,"46":1,"47":0,"48":26,"49":6,"50":6,"51":4,"52":4,"53":26,"54":11,"55":2,"56":2,"57":15,"58":0,"59":6,"60":1,"61":1,"62":1,"63":8,"64":8,"65":0,"66":8,"67":8,"68":0,"69":8,"70":8,"71":1,"72":1,"73":1,"74":1,"75":0,"76":1,"77":1,"78":1,"79":0,"80":1,"81":1,"82":1,"83":0},"f":{"0":26,"1":2,"2":8,"3":4,"4":1,"5":1,"6":1,"7":6,"8":2,"9":2,"10":0,"11":6,"12":1,"13":1,"14":8,"15":1,"16":1,"17":1},"b":{"0":[1,1],"1":[1,0],"2":[1,1],"3":[0,0],"4":[8,0],"5":[0,0],"6":[0,4],"7":[4,2],"8":[11,15],"9":[11,1],"10":[15,0],"11":[5,1],"12":[0,8],"13":[0,8],"14":[8,0],"15":[0,1],"16":[0,1],"17":[0,1]},"_coverageSchema":"1a1c01bbd47fc00a2c39e90264f33305004495a9","hash":"ccd9acc57aab037de224ab6ed70a82f5084f355d"}
,"C:\\Users\\jaga1\\CSC510-Section2-Group7\\proj2\\frontend\\pack-eats\\src\\pages\\restaurant\\Orders.jsx": {"path":"C:\\Users\\jaga1\\CSC510-Section2-Group7\\proj2\\frontend\\pack-eats\\src\\pages\\restaurant\\Orders.jsx","statementMap":{"0":{"start":{"line":6,"column":15},"end":{"line":71,"column":1}},"1":{"start":{"line":7,"column":30},"end":{"line":7,"column":42}},"2":{"start":{"line":8,"column":28},"end":{"line":8,"column":40}},"3":{"start":{"line":9,"column":19},"end":{"line":9,"column":32}},"4":{"start":{"line":11,"column":21},"end":{"line":18,"column":3}},"5":{"start":{"line":12,"column":4},"end":{"line":17,"column":5}},"6":{"start":{"line":13,"column":19},"end":{"line":13,"column":51}},"7":{"start":{"line":14,"column":6},"end":{"line":14,"column":53}},"8":{"start":{"line":16,"column":6},"end":{"line":16,"column":56}},"9":{"start":{"line":20,"column":2},"end":{"line":24,"column":9}},"10":{"start":{"line":21,"column":19},"end":{"line":21,"column":49}},"11":{"start":{"line":22,"column":4},"end":{"line":23,"column":53}},"12":{"start":{"line":22,"column":16},"end":{"line":22,"column":29}},"13":{"start":{"line":23,"column":9},"end":{"line":23,"column":53}},"14":{"start":{"line":26,"column":29},"end":{"line":33,"column":3}},"15":{"start":{"line":27,"column":4},"end":{"line":32,"column":5}},"16":{"start":{"line":28,"column":6},"end":{"line":28,"column":60}},"17":{"start":{"line":29,"column":6},"end":{"line":29,"column":19}},"18":{"start":{"line":31,"column":6},"end":{"line":31,"column":63}},"19":{"start":{"line":35,"column":2},"end":{"line":70,"column":4}},"20":{"start":{"line":40,"column":25},"end":{"line":40,"column":42}},"21":{"start":{"line":50,"column":10},"end":{"line":66,"column":15}},"22":{"start":{"line":53,"column":16},"end":{"line":53,"column":71}},"23":{"start":{"line":58,"column":60},"end":{"line":58,"column":104}}},"fnMap":{"0":{"name":"(anonymous_0)","decl":{"start":{"line":6,"column":15},"end":{"line":6,"column":16}},"loc":{"start":{"line":6,"column":21},"end":{"line":71,"column":1}},"line":6},"1":{"name":"(anonymous_1)","decl":{"start":{"line":11,"column":21},"end":{"line":11,"column":22}},"loc":{"start":{"line":11,"column":33},"end":{"line":18,"column":3}},"line":11},"2":{"name":"(anonymous_2)","decl":{"start":{"line":20,"column":12},"end":{"line":20,"column":13}},"loc":{"start":{"line":20,"column":18},"end":{"line":24,"column":3}},"line":20},"3":{"name":"(anonymous_3)","decl":{"start":{"line":26,"column":29},"end":{"line":26,"column":30}},"loc":{"start":{"line":26,"column":56},"end":{"line":33,"column":3}},"line":26},"4":{"name":"(anonymous_4)","decl":{"start":{"line":40,"column":
[...]
,"C:\\Users\\jaga1\\CSC510-Section2-Group7\\proj2\\frontend\\pack-eats\\src\\routes\\AppRoutes.jsx": {"path":"C:\\Users\\jaga1\\CSC510-Section2-Group7\\proj2\\frontend\\pack-eats\\src\\routes\\AppRoutes.jsx","statementMap":{"0":{"start":{"line":13,"column":18},"end":{"line":39,"column":1}},"1":{"start":{"line":14,"column":21},"end":{"line":14,"column":34}},"2":{"start":{"line":16,"column":27},"end":{"line":18,"column":5}},"3":{"start":{"line":17,"column":8},"end":{"line":17,"column":26}},"4":{"start":{"line":20,"column":4},"end":{"line":38,"column":6}}},"fnMap":{"0":{"name":"(anonymous_0)","decl":{"start":{"line":13,"column":18},"end":{"line":13,"column":19}},"loc":{"start":{"line":13,"column":35},"end":{"line":39,"column":1}},"line":13},"1":{"name":"(anonymous_1)","decl":{"start":{"line":16,"column":27},"end":{"line":16,"column":28}},"loc":{"start":{"line":16,"column":33},"end":{"line":18,"column":5}},"line":16}},"branchMap":{},"s":{"0":1,"1":11,"2":11,"3":0,"4":11},"f":{"0":11,"1":0},"b":{},"_coverageSchema":"1a1c01bbd47fc00a2c39e90264f33305004495a9","hash":"c34a65fd26e2927870ff6bfb2e02b0cf2c3528d8"}
,"C:\\Users\\jaga1\\CSC510-Section2-Group7\\proj2\\frontend\\pack-eats\\src\\services\\AuthService.jsx": {"path":"C:\\Users\\jaga1\\CSC510-Section2-Group7\\proj2\\frontend\\pack-eats\\src\\services\\AuthService.jsx","statementMap":{"0":{"start":{"line":1,"column":17},"end":{"line":1,"column":49}},"1":{"start":{"line":2,"column":17},"end":{"line":2,"column":49}},"2":{"start":{"line":3,"column":19},"end":{"line":3,"column":53}},"3":{"start":{"line":5,"column":14},"end":{"line":23,"column":1}},"4":{"start":{"line":6,"column":2},"end":{"line":22,"column":3}},"5":{"start":{"line":7,"column":16},"end":{"line":11,"column":6}},"6":{"start":{"line":12,"column":4},"end":{"line":15,"column":5}},"7":{"start":{"line":13,"column":22},"end":{"line":13,"column":38}},"8":{"start":{"line":14,"column":6},"end":{"line":14,"column":50}},"9":{"start":{"line":16,"column":17},"end":{"line":16,"column":33}},"10":{"start":{"line":17,"column":4},"end":{"line":17,"column":81}},"11":{"start":{"line":17,"column":37},"end":{"line":17,"column":81}},"12":{"start":{"line":18,"column":4},"end":{"line":18,"column":16}},"13":{"start":{"line":20,"column":4},"end":{"line":20,"column":64}},"14":{"start":{"line":21,"column":4},"end":{"line":21,"column":56}},"15":{"start":{"line":25,"column":18},"end":{"line":36,"column":1}},"16":{"start":{"line":26,"column":2},"end":{"line":35,"column":3}},"17":{"start":{"line":27,"column":19},"end":{"line":27,"column":49}},"18":{"start":{"line":28,"column":4},"end":{"line":28,"column":52}},"19":{"start":{"line":28,"column":17},"end":{"line":28,"column":52}},"20":{"start":{"line":29,"column":16},"end":{"line":29,"column":59}},"21":{"start":{"line":30,"column":4},"end":{"line":30,"column":72}},"22":{"start":{"line":30,"column":17},"end":{"line":30,"column":72}},"23":{"start":{"line":31,"column":4},"end":{"line":31,"column":28}},"24":{"start":{"line":33,"column":4},"end":{"line":33,"column":23}},"25":{"start":{"line":34,"column":4},"end":{"line":34,"column":14}},"26":{"start":{"line":38,"column":20},"end":{"line":53,"column":1}},"27":{"start":{"line":39,"column":2},"end":{"line":52,"column":3}},"28":{"start":{"line":40,"column":19},"end":{"line":40,"column":49}},"29":{"start":{"line":41,"column":4},"end":{"line":41,"column":52}},"30":{"start":{"line":41,"column":17},"end":{"line":41,"column":52}},"31":{"start":{"line":42,"column":16},"end":{"line":46,"column":6}},"32":{"start":{"line":47,"column":4},"end":{"line":47,"column":75}},"33":{"start":{"line":47,"column":17},"end":{"line":47,"column":75}},"34":{"start":{"line":48,"column":4},"end":{"line":48,"column":28}},"35":{"start":{"line":50,"column":4},"end":{"line":50,"column":23}},"36":{"start":{"line":51,"column":4},"end":{"line":51,"column":14}},"37":{"start":{"line":55,"column":23},"end":{"line":68,"column":1}},"38":{"start":{"line":56,"column":2},"end":{"line":67,"column":3}},"39":{"start":{"line":57,"column":16},"end":{"line":61,"column":6}},"40":{"start":{"line":62,"column":4},"end":{"line":62,"column":78}},"41":{"start":{"line":62,"column":17},"end":{"line":62,"column":78}},"42":{"start":{"line":63,"column":4},"end":{"line":63,"column":28}},"43":{"start":{"line":65,"column":4},"end":{"line":65,"column":23}},"44":{"start":{"line":66,"column":4},"end":{"line":66,"column":14}},"45":{"start":{"line":70,"column":23},"end":{"line":78,"column":1}},"46":{"start":{"line":71,"column":2},"end":{"line":77,"column":3}},"47":{"start":{"line":72,"column":16},"end":{"line":72,"column":70}},"48":{"start":{"line":73,"column":4},"end":{"line":73,"column":78}},"49":{"start":{"line":73,"column":17},"end":{"line":73,"column":78}},"50":{"start":{"line":75,"column":4},"end":{"line":75,"column":23}},"51":{"start":{"line":76,"column":4},"end":{"line":76,"column":14}},"52":{"start":{"line":80,"column":20},"end":{"line":91,"column":1}},"53":{"start":{"line":81,"column":2},"end":{"line":90,"column":3}},"54":{"start":{"line":82,"column":19},"end":{"line":82,"column":49}},"55":{"start":{"line":83,"column":4},"end":{"line":83,"column":52}},"56":{"start":{"line":83,"column":17},"end":{"line":83,"column":52}},"57":{"start":{"line":84,"column":16},"end":{"line":84,"column":61}},"58":{"start":{"line":85,"column":4},"end":{"line":85,"column":74}},"59":{"start":{"line":85,"column":17},"end":{"line":85,"column":74}},"60":{"start":{"line":86,"column":4},"end":{"line":86,"column":28}},"61":{"start":{"line":88,"column":4},"end":{"line":88,"column":23}},"62":{"start":{"line":89,"column":4},"end":{"line":89,"column":14}},"63":{"start":{"line":93,"column":26},"end":{"line":102,"column":1}},"64":{"start":{"line":94,"column":2},"end":{"line":101,"column":3}},"65":{"start":{"line":95,"column":16},"end":{"line":95,"column":86}},"66":{"start":{"line":96,"column":4},"end":{"line":96,"column":81}},"67":{"start":{"line":96,"column":17},"end":{"line":96,"column":81}},"68":{"start":{"line":97,"column":4},"end":{"line":97,"column":28}},"69":{"start":{"line":99,"column":4},"end":{"line":99,"column":23}},"70":{"start":{"line":100,"column":4},"end":{"line":100,"column":14}}},"fnMap":{"0":{"name":"(anonymous_0)","decl":{"start":{"line":5,"column":14},"end":{"line":5,"column":15}},"loc":{"start":{"line":5,"column":41},"end":{"line":23,"column":1}},"line":5},"1":{"name":"(anonymous_1)","decl":{"start":{"line":25,"column":18},"end":{"line":25,"column":19}},"loc":{"start":{"line":25,"column":30},"end":{"line":36,"column":1}},"line":25},"2":{"name":"(anonymous_2)","decl":{"start":{"line":38,"column":20},"end":{"line":38,"column":21}},"loc":{"start":{"line":38,"column":36},"end":{"line":53,"column":1}},"line":38},"3":{"name":"(anonymous_3)","decl":{"start":{"line":55,"column":23},"end":{"line":55,"column":24}},"loc":{"start":{"line":55,"column":43},"end":{"line":68,"column":1}},"line":55},"4":{"name":"(anonymous_4)","decl":{"start":{"line":70,"column":23},"end":{"line":70,"column":24}},"loc":{"start":{"line":70,"column":37},"end":{"line":78,"column":1}},"line":70},"5":{"name":"(anonymous_5)","decl":{"start":{"line":80,"column":20},"end":{"line":80,"column":21}},"loc":{"start":{"line":80,"column":32},"end":{"line":91,"column":1}},"line":80},"6":{"name":"(anonymous_6)","decl":{"start":{"line":93,"column":26},"end":{"line":93,"column":27}},"loc":{"start":{"line":93,"column":48},"end":{"line":102,"column":1}},"line":93}},"branchMap":{"0":{"loc":{"start":{"line":12,"column":4},"end":{"line":15,"column":5}},"type":"if","locations":[{"start":{"line":12,"column":4},"end":{"line":15,"column":5}},{"start":{},"end":{}}],"line":12},"1":{"loc":{"start":{"line":17,"column":4},"end":{"line":17,"column":81}},"type":"if","locations":[{"start":{"line":17,"column":4},"end":{"line":17,"column":81}},{"start":{},"end":{}}],"line":17},"2":{"loc":{"start":{"line":17,"column":8},"end":{"line":17,"column":35}},"type":"binary-expr","locations":[{"start":{"line":17,"column":8},"end":{"line":17,"column":20}},{"start":{"line":17,"column":24},"end":{"line":17,"column":35}}],"line":17},"3":{"loc":{"start":{"line":28,"column":4},"end":{"line":28,"column":52}},"type":"if","locations":[{"start":{"line":28,"column":4},"end":{"line":28,"column":52}},{"start":{},"end":{}}],"line":28},"4":{"loc":{"start":{"line":30,"column":4},"end":{"line":30,"column":72}},"type":"if","locations":[{"start":{"line":30,"column":4},"end":{"line":30,"column":72}},{"start":{},"end":{}}],"line":30},"5":{"loc":{"start":{"line":41,"column":4},"end":{"line":41,"column":52}},"type":"if","locations":[{"start":{"line":41,"column":4},"end":{"line":41,"column":52}},{"start":{},"end":{}}],"line":41},"6":{"loc":{"start":{"line":47,"column":4},"end":{"line":47,"column":75}},"type":"if","locations":[{"start":{"line":47,"column":4},"end":{"line":47,"column":75}},{"start":{},"end":{}}],"line":47},"7":{"loc":{"start":{"line":62,"column":4},"end":{"line":62,"column":78}},"type":"if","locations":[{"start":{"line":62,"column":4},"end":{"line":62,"column":78}},{"start":{},"end":{}}],"line":62},"8":{"loc":{"start":{"line":73,"column":4},"end":{"line":73,"column":78}},"type":"if","locations":[{"start":{"line":73,"column":4},"end":{"line":73,"column":78}},{"start":{},"end":{}}],"line":73},"9":{"loc":{"start":{"line":83,"column":4},"end":{"line":83,"column":52}},"type":"if","locations":[{"start":{"line":83,"column":4},"end":{"line":83,"column":52}},{"start":{},"end":{}}],"line":83},"10":{"loc":{"start":{"line":85,"column":4},"end":{"line":85,"column":74}},"type":"if","locations":[{"start":{"line":85,"column":4},"end":{"line":85,"column":74}},{"start":{},"end":{}}],"line":85},"11":{"loc":{"start":{"line":96,"column":4},"end":{"line":96,"column":81}},"type":"if","locations":[{"start":{"line":96,"column":4},"end":{"line":96,"column":81}},{"start":{},"end":{}}],"line":96}},"s":{"0":1,"1":1,"2":1,"3":1,"4":3,"5":3,"6":2,"7":1,"8":1,"9":1,"10":1,"11":1,"12":1,"13":2,"14":2,"15":1,"16":3,"17":3,"18":3,"19":1,"20":2,"21":2,"22":1,"23":1,"24":2,"25":2,"26":1,"27":3,"28":3,"29":3,"30":1,"31":2,"32":2,"33":1,"34":1,"35":2,"36":2,"37":1,"38":2,"39":2,"40":2,"41":1,"42":1,"43":1,"44":1,"45":1,"46":2,"47":2,"48":2,"49":1,"50":1,"51":1,"52":1,"53":0,"54":0,"55":0,"56":0,"57":0,"58":0,"59":0,"60":0,"61":0,"62":0,"63":1,"64":0,"65":0,"66":0,"67":0,"68":0,"69":0,"70":0},"f":{"0":3,"1":3,"2":3,"3":2,"4":2,"5":0,"6":0},"b":{"0":[1,1],"1":[1,0],"2":[1,1],"3":[1,2],"4":[1,1],"5":[1,2],"6":[1,1],"7":[1,1],"8":[1,1],"9":[0,0],"10":[0,0],"11":[0,0]},"_coverageSchema":"1a1c01bbd47fc00a2c39e90264f33305004495a9","hash":"2beaed771c5de2e08bfbb5c9fe2721772bc6a4dc"}
,"C:\\Users\\jaga1\\CSC510-Section2-Group7\\proj2\\frontend\\pack-eats\\src\\services\\MenuService.jsx": {"path":"C:\\Users\\jaga1\\CSC510-Section2-Group7\\proj2\\frontend\\pack-eats\\src\\services\\MenuService.jsx","statementMap":{"0":{"start":{"line":1,"column":17},"end":{"line":1,"column":49}},"1":{"start":{"line":3,"column":16},"end":{"line":12,"column":1}},"2":{"start":{"line":4,"column":17},"end":{"line":4,"column":47}},"3":{"start":{"line":6,"column":2},"end":{"line":6,"column":41}},"4":{"start":{"line":7,"column":2},"end":{"line":7,"column":50}},"5":{"start":{"line":7,"column":15},"end":{"line":7,"column":50}},"6":{"start":{"line":9,"column":14},"end":{"line":9,"column":57}},"7":{"start":{"line":10,"column":2},"end":{"line":10,"column":55}},"8":{"start":{"line":10,"column":15},"end":{"line":10,"column":55}},"9":{"start":{"line":11,"column":2},"end":{"line":11,"column":26}},"10":{"start":{"line":14,"column":20},"end":{"line":26,"column":1}},"11":{"start":{"line":15,"column":17},"end":{"line":15,"column":47}},"12":{"start":{"line":16,"column":2},"end":{"line":16,"column":50}},"13":{"start":{"line":16,"column":15},"end":{"line":16,"column":50}},"14":{"start":{"line":18,"column":14},"end":{"line":22,"column":4}},"15":{"start":{"line":24,"column":2},"end":{"line":24,"column":58}},"16":{"start":{"line":24,"column":15},"end":{"line":24,"column":58}},"17":{"start":{"line":25,"column":2},"end":{"line":25,"column":26}},"18":{"start":{"line":28,"column":23},"end":{"line":37,"column":1}},"19":{"start":{"line":29,"column":14},"end":{"line":33,"column":4}},"20":{"start":{"line":35,"column":2},"end":{"line":35,"column":61}},"21":{"start":{"line":35,"column":15},"end":{"line":35,"column":61}},"22":{"start":{"line":36,"column":2},"end":{"line":36,"column":26}},"23":{"start":{"line":39,"column":23},"end":{"line":42,"column":1}},"24":{"start":{"line":40,"column":14},"end":{"line":40,"column":68}},"25":{"start":{"line":41,"column":2},"end":{"line":41,"column":61}},"26":{"start":{"line":41,"column":15},"end":{"line":41,"column":61}}},"fnMap":{"0":{"name":"(anonymous_0)","decl":{"start":{"line":3,"column":16},"end":{"line":3,"column":17}},"loc":{"start":{"line":3,"column":28},"end":{"line":12,"column":1}},"line":3},"1":{"name":"(anonymous_1)","decl":{"start":{"line":14,"column":20},"end":{"line":14,"column":21}},"loc":{"start":{"line":14,"column":36},"end":{"line":26,"column":1}},"line":14},"2":{"name":"(anonymous_2)","decl":{"start":{"line":28,"column":23},"end":{"line":28,"column":24}},"loc":{"start":{"line":28,"column":43},"end":{"line":37,"column":1}},"line":28},"3":{"name":"(anonymous_3)","decl":{"start":{"line":39,"column":23},"end":{"line":39,"column":24}},"loc":{"start":{"line":39,"column":37},"end":{"line":42,"column":1}},"line":39}},"branchMap":{"0":{"loc":{"start":{"line":7,"column":2},"end":{"line":7,"column":50}},"type":"if","locations":[{"start":{"line":7,"column":2},"end":{"line":7,"column":50}},{"start":{},"end":{}}],"line":7},"1":{"loc":{"start":{"line":10,"column":2},"end":{"line":10,"column":55}},"type":"if","locations":[{"start":{"line":10,"column":2},"end":{"line":10,"column":55}},{"start":{},"end":{}}],"line":10},"2":{"loc":{"start":{"line":16,"column":2},"end":{"line":16,"column":50}},"type":"if","locations":[{"start":{"line":16,"column":2},"end":{"line":16,"column":50}},{"start":{},"end":{}}],"line":16},"3":{"loc":{"start":{"line":24,"column":2},"end":{"line":24,"column":58}},"type":"if","locations":[{"start":{"line":24,"column":2},"end":{"line":24,"column":58}},{"start":{},"end":{}}],"line":24},"4":{"loc":{"start":{"line":35,"column":2},"end":{"line":35,"column":61}},"type":"if","locations":[{"start":{"line":35,"column":2},"end":{"line":35,"column":61}},{"start":{},"end":{}}],"line":35},"5":{"loc":{"start":{"line":41,"column":2},"end":{"line":41,"column":61}},"type":"if","locations":[{"start":{"line":41,"column":2},"end":{"line":41,"column":61}},{"start":{},"end":{}}],"line":41}},"s":{"0":1,"1":1,"2":3,"3":3,"4":3,"5":1,"6":2,"7":2,"8":1,"9":1,"10":1,"11":3,"12":3,"13":1,"14":2,"15":2,"16":1,"17":1,"18":1,"19":2,"20":2,"21":1,"22":1,"23":1,"24":2,"25":2,"26":1},"f":{"0":3,"1":3,"2":2,"3":2},"b":{"0":[1,2],"1":[1,1],"2":[1,2],"3":[1,1],"4":[1,1],"5":[1,1]},"_coverageSchema":"1a1c01bbd47fc00a2c39e90264f33305004495a9","hash":"d1fa8dca5dc261b4266238f707a90383f189c186"}
,"C:\\Users\\jaga1\\CSC510-Section2-Group7\\proj2\\frontend\\pack-eats\\src\\services\\OrderService.jsx": {"path":"C:\\Users\\jaga1\\CSC510-Section2-Group7\\proj2\\frontend\\pack-eats\\src\\services\\OrderService.jsx","statementMap":{"0":{"start":{"line":1,"column":17},"end":{"line":1,"column":51}},"1":{"start":{"line":3,"column":20},"end":{"line":18,"column":1}},"2":{"start":{"line":4,"column":17},"end":{"line":4,"column":47}},"3":{"start":{"line":5,"column":2},"end":{"line":5,"column":50}},"4":{"start":{"line":5,"column":15},"end":{"line":5,"column":50}},"5":{"start":{"line":7,"column":14},"end":{"line":7,"column":57}},"6":{"start":{"line":8,"column":2},"end":{"line":8,"column":57}},"7":{"start":{"line":8,"column":15},"end":{"line":8,"column":57}},"8":{"start":{"line":10,"column":2},"end":{"line":17,"column":3}},"9":{"start":{"line":11,"column":17},"end":{"line":11,"column":33}},"10":{"start":{"line":12,"column":17},"end":{"line":12,"column":45}},"11":{"start":{"line":13,"column":4},"end":{"line":13,"column":47}},"12":{"start":{"line":15,"column":4},"end":{"line":15,"column":54}},"13":{"start":{"line":16,"column":4},"end":{"line":16,"column":14}},"14":{"start":{"line":20,"column":26},"end":{"line":28,"column":1}},"15":{"start":{"line":21,"column":14},"end":{"line":25,"column":4}},"16":{"start":{"line":26,"column":2},"end":{"line":26,"column":64}},"17":{"start":{"line":26,"column":15},"end":{"line":26,"column":64}},"18":{"start":{"line":27,"column":2},"end":{"line":27,"column":26}},"19":{"start":{"line":30,"column":20},"end":{"line":33,"column":1}},"20":{"start":{"line":31,"column":14},"end":{"line":31,"column":73}},"21":{"start":{"line":32,"column":2},"end":{"line":32,"column":57}},"22":{"start":{"line":32,"column":15},"end":{"line":32,"column":57}}},"fnMap":{"0":{"name":"(anonymous_0)","decl":{"start":{"line":3,"column":20},"end":{"line":3,"column":21}},"loc":{"start":{"line":3,"column":32},"end":{"line":18,"column":1}},"line":3},"1":{"name":"(anonymous_1)","decl":{"start":{"line":20,"column":26},"end":{"line":20,"column":27}},"loc":{"start":{"line":20,"column":53},"end":{"line":28,"column":1}},"line":20},"2":{"name":"(anonymous_2)","decl":{"start":{"line":30,"column":20},"end":{"line":30,"column":21}},"loc":{"start":{"line":30,"column":39},"end":{"line":33,"column":1}},"line":30}},"branchMap":{"0":{"loc":{"start":{"line":5,"column":2},"end":{"line":5,"column":50}},"type":"if","locations":[{"start":{"line":5,"column":2},"end":{"line":5,"column":50}},{"start":{},"end":{}}],"line":5},"1":{"loc":{"start":{"line":8,"column":2},"end":{"line":8,"column":57}},"type":"if","locations":[{"start":{"line":8,"column":2},"end":{"line":8,"column":57}},{"start":{},"end":{}}],"line":8},"2":{"loc":{"start":{"line":12,"column":17},"end":{"line":12,"column":45}},"type":"cond-expr","locations":[{"start":{"line":12,"column":24},"end":{"line":12,"column":40}},{"start":{"line":12,"column":43},"end":{"line":12,"column":45}}],"line":12},"3":{"loc":{"start":{"line":13,"column":11},"end":{"line":13,"column":46}},"type":"cond-expr","locations":[{"start":{"line":13,"column":33},"end":{"line":13,"column":37}},{"start":{"line":13,"column":40},"end":{"line":13,"column":46}}],"line":13},"4":{"loc":{"start":{"line":26,"column":2},"end":{"line":26,"column":64}},"type":"if","locations":[{"start":{"line":26,"column":2},"end":{"line":26,"column":64}},{"start":{},"end":{}}],"line":26},"5":{"loc":{"start":{"line":32,"column":2},"end":{"line":32,"column":57}},"type":"if","locations":[{"start":{"line":32,"column":2},"end":{"line":32,"column":57}},{"start":{},"end":{}}],"line":32}},"s":{"0":2,"1":2,"2":5,"3":5,"4":1,"5":4,"6":4,"7":1,"8":3,"9":3,"10":3,"11":2,"12":1,"13":1,"14":2,"15":2,"16":2,"17":1,"18":1,"19":2,"20":2,"21":2,"22":1},"f":{"0":5,"1":2,"2":2},"b":{"0":[1,4],"1":[1,3],"2":[3,0],"3":[1,1],"4":[1,1],"5":[1,1]},"_coverageSchema":"1a1c01bbd47fc00a2c39e90264f33305004495a9","hash":"068c5d14fba305a1a2d631974c62d12de2040b7e"}
,"C:\\Users\\jaga1\\CSC510-Section2-Group7\\proj2\\frontend\\pack-eats\\src\\testdata\\Restaurants.jsx": {"path":"C:\\Users\\jaga1\\CSC510-Section2-Group7\\proj2\\frontend\\pack-eats\\src\\testdata\\Restaurants.jsx","statementMap":{"0":{"start":{"line":5,"column":20},"end":{"line":30,"column":1}}},"fnMap":{},"branchMap":{},"s":{"0":0},"f":{},"b":{}}
,"C:\\Users\\jaga1\\CSC510-Section2-Group7\\proj2\\frontend\\pack-eats\\src\\testdata\\menuItems.jsx": {"path":"C:\\Users\\jaga1\\CSC510-Section2-Group7\\proj2\\frontend\\pack-eats\\src\\testdata\\menuItems.jsx","statementMap":{"0":{"start":{"line":20,"column":25},"end":{"line":221,"column":1}}},"fnMap":{},"branchMap":{},"s":{"0":0},"f":{},"b":{}}
}
