TN:
SF:src\App.jsx
FN:6,(anonymous_0)
FNF:1
FNH:1
FNDA:2,(anonymous_0)
DA:6,1
DA:7,2
LF:2
LH:2
BRF:0
BRH:0
end_of_record
TN:
SF:src\index.js
FNF:0
FNH:0
DA:8,0
DA:9,0
DA:18,0
LF:3
LH:0
BRF:0
BRH:0
end_of_record
TN:
SF:src\reportWebVitals.js
FN:1,(anonymous_0)
FN:3,(anonymous_1)
FNF:2
FNH:0
FNDA:0,(anonymous_0)
FNDA:0,(anonymous_1)
DA:1,0
DA:2,0
DA:3,0
DA:4,0
DA:5,0
DA:6,0
DA:7,0
DA:8,0
LF:8
LH:0
BRDA:2,0,0,0
BRDA:2,0,1,0
BRDA:2,1,0,0
BRDA:2,1,1,0
BRF:4
BRH:0
end_of_record
TN:
SF:src\components\Navbar.jsx
FN:5,(anonymous_0)
FN:12,(anonymous_1)
FN:13,(anonymous_2)
FN:17,(anonymous_3)
FN:21,(anonymous_4)
FN:26,(anonymous_5)
FN:27,(anonymous_6)
FN:33,(anonymous_7)
FN:36,(anonymous_8)
FN:42,(anonymous_9)
FN:43,(anonymous_10)
FN:70,(anonymous_11)
FN:77,(anonymous_12)
FNF:13
FNH:11
FNDA:19,(anonymous_0)
FNDA:8,(anonymous_1)
FNDA:0,(anonymous_2)
FNDA:8,(anonymous_3)
FNDA:8,(anonymous_4)
FNDA:8,(anonymous_5)
FNDA:1,(anonymous_6)
FNDA:8,(anonymous_7)
FNDA:1,(anonymous_8)
FNDA:3,(anonymous_9)
FNDA:3,(anonymous_10)
FNDA:1,(anonymous_11)
FNDA:0,(anonymous_12)
DA:5,2
DA:6,19
DA:7,19
DA:8,19
DA:9,19
DA:12,19
DA:13,8
DA:14,0
DA:16,8
DA:17,8
DA:21,19
DA:22,8
DA:26,19
DA:27,8
DA:28,1
DA:29,1
DA:32,8
DA:33,8
DA:36,19
DA:37,1
DA:38,1
DA:39,1
DA:42,19
DA:43,3
DA:46,19
DA:70,1
DA:77,0
LF:27
LH:25
BRDA:28,0,0,1
BRDA:28,0,1,0
BRDA:28,1,0,1
BRDA:28,1,1,1
BRDA:53,2,0,2
BRDA:53,2,1,17
BRDA:65,3,0,17
BRDA:65,3,1,6
BRF:8
BRH:7
end_of_record
TN:
SF:src\pages\customer\Browse.jsx
FN:6,(anonymous_0)
FN:12,(anonymous_1)
FN:22,(anonymous_2)
FN:23,(anonymous_3)
FN:35,(anonymous_4)
FN:36,(anonymous_5)
FN:51,(anonymous_6)
FN:59,(anonymous_7)
FN:63,(anonymous_8)
FN:67,(anonymous_9)
FN:68,(anonymous_10)
FN:69,(anonymous_11)
FN:73,(anonymous_12)
FN:81,(anonymous_13)
FN:84,(anonymous_14)
FN:90,(anonymous_15)
FN:91,(anonymous_16)
FN:92,(anonymous_17)
FN:93,(anonymous_18)
FN:109,(anonymous_19)
FN:118,(anonymous_20)
FN:139,(anonymous_21)
FN:143,(anonymous_22)
FN:165,(anonymous_23)
FN:175,(anonymous_24)
FN:177,(anonymous_25)
FN:199,(anonymous_26)
FN:207,(anonymous_27)
FN:215,(anonymous_28)
FNF:29
FNH:29
FNDA:40,(anonymous_0)
FNDA:14,(anonymous_1)
FNDA:14,(anonymous_2)
FNDA:14,(anonymous_3)
FNDA:20,(anonymous_4)
FNDA:20,(anonymous_5)
FNDA:18,(anonymous_6)
FNDA:48,(anonymous_7)
FNDA:20,(anonymous_8)
FNDA:4,(anonymous_9)
FNDA:4,(anonymous_10)
FNDA:3,(anonymous_11)
FNDA:1,(anonymous_12)
FNDA:2,(anonymous_13)
FNDA:2,(anonymous_14)
FNDA:3,(anonymous_15)
FNDA:3,(anonymous_16)
FNDA:18,(anonymous_17)
FNDA:6,(anonymous_18)
FNDA:2,(anonymous_19)
FNDA:1,(anonymous_20)
FNDA:17,(anonymous_21)
FNDA:5,(anonymous_22)
FNDA:1,(anonymous_23)
FNDA:18,(anonymous_24)
FNDA:6,(anonymous_25)
FNDA:1,(anonymous_26)
FNDA:2,(anonymous_27)
FNDA:1,(anonymous_28)
DA:6,1
DA:7,40
DA:8,40
DA:9,40
DA:10,40
DA:11,40
DA:12,40
DA:13,14
DA:14,14
DA:15,14
DA:17,1
DA:22,40
DA:23,14
DA:24,14
DA:25,14
DA:26,13
DA:28,3
DA:31,14
DA:35,40
DA:36,20
DA:37,20
DA:38,5
DA:39,5
DA:42,4
DA:44,1
DA:47,20
DA:51,40
DA:52,18
DA:53,18
DA:55,0
DA:59,40
DA:60,48
DA:63,40
DA:64,20
DA:67,40
DA:68,4
DA:69,4
DA:71,4
DA:72,2
DA:73,1
DA:74,1
DA:77,1
DA:79,2
DA:80,2
DA:82,2
DA:84,2
DA:86,0
DA:90,40
DA:91,40
DA:92,40
DA:93,18
DA:95,40
DA:109,2
DA:118,1
DA:140,17
DA:144,5
DA:145,5
DA:166,1
DA:167,1
DA:168,1
DA:176,18
DA:177,18
DA:179,18
DA:199,1
DA:208,2
DA:215,1
LF:66
LH:64
BRDA:15,0,0,1
BRDA:15,0,1,13
BRDA:37,1,0,15
BRDA:37,1,1,5
BRDA:71,2,0,2
BRDA:71,2,1,2
BRDA:71,3,0,4
BRDA:71,3,1,2
BRDA:72,4,0,1
BRDA:72,4,1,1
BRDA:74,5,0,1
BRDA:74,5,1,0
BRDA:79,6,0,2
BRDA:79,6,1,0
BRDA:79,7,0,2
BRDA:79,7,1,2
BRDA:82,8,0,2
BRDA:82,8,1,0
BRDA:93,9,0,18
BRDA:93,9,1,15
BRDA:100,10,0,15
BRDA:100,10,1,25
BRDA:137,11,0,25
BRDA:137,11,1,15
BRDA:177,12,0,18
BRDA:177,12,1,15
BRDA:187,13,0,18
BRDA:187,13,1,9
BRDA:196,14,0,18
BRDA:196,14,1,15
BRDA:197,15,0,15
BRDA:197,15,1,3
BRF:32
BRH:29
end_of_record
TN:
SF:src\pages\customer\Cart.jsx
FN:3,Cart
FN:16,(anonymous_1)
FN:22,(anonymous_2)
FN:24,(anonymous_3)
FNF:4
FNH:4
FNDA:3,Cart
FNDA:3,(anonymous_1)
FNDA:1,(anonymous_2)
FNDA:1,(anonymous_3)
DA:4,3
DA:5,1
DA:13,2
DA:17,3
DA:22,1
DA:24,1
LF:6
LH:6
BRDA:4,0,0,1
BRDA:4,0,1,2
BRF:2
BRH:2
end_of_record
TN:
SF:src\pages\customer\CartCheckout.jsx
FN:6,(anonymous_0)
FN:9,(anonymous_1)
FN:23,(anonymous_2)
FN:30,(anonymous_3)
FN:34,(anonymous_4)
FN:49,(anonymous_5)
FN:88,(anonymous_6)
FN:103,(anonymous_7)
FN:117,(anonymous_8)
FN:166,(anonymous_9)
FN:175,(anonymous_10)
FN:189,(anonymous_11)
FN:198,(anonymous_12)
FN:207,(anonymous_13)
FNF:14
FNH:14
FNDA:24,(anonymous_0)
FNDA:15,(anonymous_1)
FNDA:18,(anonymous_2)
FNDA:6,(anonymous_3)
FNDA:7,(anonymous_4)
FNDA:7,(anonymous_5)
FNDA:1,(anonymous_6)
FNDA:1,(anonymous_7)
FNDA:18,(anonymous_8)
FNDA:1,(anonymous_9)
FNDA:1,(anonymous_10)
FNDA:1,(anonymous_11)
FNDA:1,(anonymous_12)
FNDA:1,(anonymous_13)
DA:6,1
DA:7,24
DA:9,24
DA:10,15
DA:11,15
DA:12,15
DA:14,1
DA:18,24
DA:19,24
DA:20,24
DA:22,24
DA:23,18
DA:26,24
DA:27,24
DA:28,24
DA:30,24
DA:31,6
DA:34,6
DA:35,7
DA:36,7
DA:37,7
DA:43,7
DA:46,6
DA:47,6
DA:48,7
DA:49,7
DA:54,7
DA:56,7
DA:65,7
DA:67,7
DA:75,4
DA:76,4
DA:77,4
DA:79,2
DA:80,2
DA:84,24
DA:88,1
DA:103,1
DA:118,18
DA:166,1
DA:175,1
DA:189,1
DA:198,1
DA:207,1
LF:44
LH:44
BRDA:12,0,0,12
BRDA:12,0,1,3
BRDA:27,1,0,1
BRDA:27,1,1,23
BRDA:31,2,0,0
BRDA:31,2,1,6
BRDA:36,3,0,7
BRDA:36,3,1,0
BRDA:94,4,0,4
BRDA:94,4,1,20
BRDA:114,5,0,4
BRDA:114,5,1,16
BRDA:141,6,0,18
BRDA:141,6,1,0
BRDA:223,7,0,20
BRDA:223,7,1,16
BRF:16
BRH:13
end_of_record
TN:
SF:src\pages\customer\Login.jsx
FN:4,Login
FN:9,(anonymous_1)
FN:50,(anonymous_2)
FN:64,(anonymous_3)
FNF:4
FNH:4
FNDA:26,Login
FNDA:5,(anonymous_1)
FNDA:5,(anonymous_2)
FNDA:5,(anonymous_3)
DA:5,26
DA:6,26
DA:7,26
DA:9,26
DA:10,5
DA:11,5
DA:13,5
DA:15,5
DA:20,1
DA:21,1
DA:23,1
DA:25,1
DA:27,4
DA:28,3
DA:30,1
DA:35,26
DA:50,5
DA:64,5
LF:18
LH:18
BRDA:23,0,0,1
BRDA:23,0,1,0
BRDA:27,1,0,3
BRDA:27,1,1,1
BRDA:28,2,0,3
BRDA:28,2,1,0
BRDA:83,3,0,26
BRDA:83,3,1,5
BRDA:86,4,0,1
BRDA:86,4,1,4
BRF:10
BRH:8
end_of_record
TN:
SF:src\pages\customer\Quiz.jsx
FN:7,Quiz
FN:22,(anonymous_1)
FN:31,(anonymous_2)
FN:47,(anonymous_3)
FN:51,(anonymous_4)
FN:53,(anonymous_5)
FN:61,(anonymous_6)
FN:78,(anonymous_7)
FN:81,(anonymous_8)
FN:89,(anonymous_9)
FN:91,(anonymous_10)
FN:95,(anonymous_11)
FN:97,(anonymous_12)
FN:109,(anonymous_13)
FN:110,(anonymous_14)
FN:112,(anonymous_15)
FN:113,(anonymous_16)
FN:114,(anonymous_17)
FN:117,(anonymous_18)
FN:123,(anonymous_19)
FN:126,(anonymous_20)
FN:133,(anonymous_21)
FN:136,(anonymous_22)
FN:142,(anonymous_23)
FN:159,(anonymous_24)
FN:165,(anonymous_25)
FN:175,(anonymous_26)
FN:195,(anonymous_27)
FN:197,(anonymous_28)
FN:219,(anonymous_29)
FN:227,(anonymous_30)
FN:233,(anonymous_31)
FN:247,(anonymous_32)
FNF:33
FNH:32
FNDA:32,Quiz
FNDA:8,(anonymous_1)
FNDA:12,(anonymous_2)
FNDA:15,(anonymous_3)
FNDA:4,(anonymous_4)
FNDA:16,(anonymous_5)
FNDA:15,(anonymous_6)
FNDA:11,(anonymous_7)
FNDA:3,(anonymous_8)
FNDA:4,(anonymous_9)
FNDA:8,(anonymous_10)
FNDA:2,(anonymous_11)
FNDA:4,(anonymous_12)
FNDA:12,(anonymous_13)
FNDA:6,(anonymous_14)
FNDA:4,(anonymous_15)
FNDA:4,(anonymous_16)
FNDA:3,(anonymous_17)
FNDA:1,(anonymous_18)
FNDA:2,(anonymous_19)
FNDA:2,(anonymous_20)
FNDA:3,(anonymous_21)
FNDA:3,(anonymous_22)
FNDA:1,(anonymous_23)
FNDA:160,(anonymous_24)
FNDA:512,(anonymous_25)
FNDA:15,(anonymous_26)
FNDA:12,(anonymous_27)
FNDA:6,(anonymous_28)
FNDA:1,(anonymous_29)
FNDA:2,(anonymous_30)
FNDA:1,(anonymous_31)
FNDA:0,(anonymous_32)
DA:8,32
DA:10,32
DA:18,32
DA:19,32
DA:22,32
DA:23,8
DA:24,8
DA:25,8
DA:27,1
DA:31,32
DA:32,12
DA:33,12
DA:35,0
DA:39,32
DA:47,32
DA:48,15
DA:51,32
DA:52,4
DA:53,16
DA:54,4
DA:55,1
DA:56,1
DA:60,3
DA:61,3
DA:62,15
DA:63,3
DA:69,3
DA:71,12
DA:75,3
DA:78,32
DA:79,11
DA:81,3
DA:82,3
DA:83,3
DA:86,2
DA:89,2
DA:90,4
DA:91,8
DA:92,4
DA:95,2
DA:97,4
DA:99,2
DA:101,1
DA:102,1
DA:106,3
DA:109,32
DA:110,12
DA:112,32
DA:113,4
DA:114,4
DA:115,4
DA:116,2
DA:117,1
DA:118,1
DA:120,1
DA:121,2
DA:122,2
DA:124,2
DA:126,2
DA:128,0
DA:132,32
DA:133,3
DA:136,32
DA:138,32
DA:142,1
DA:160,160
DA:166,512
DA:175,15
DA:196,12
DA:197,12
DA:199,12
DA:219,1
DA:227,2
DA:233,1
DA:247,0
LF:75
LH:72
BRDA:25,0,0,1
BRDA:25,0,1,7
BRDA:54,1,0,1
BRDA:54,1,1,3
BRDA:62,2,0,3
BRDA:62,2,1,12
BRDA:79,3,0,8
BRDA:79,3,1,3
BRDA:90,4,0,4
BRDA:90,4,1,0
BRDA:110,5,0,12
BRDA:110,5,1,9
BRDA:115,6,0,2
BRDA:115,6,1,2
BRDA:115,7,0,4
BRDA:115,7,1,2
BRDA:116,8,0,1
BRDA:116,8,1,1
BRDA:118,9,0,1
BRDA:118,9,1,0
BRDA:121,10,0,2
BRDA:121,10,1,0
BRDA:121,11,0,2
BRDA:121,11,1,2
BRDA:124,12,0,2
BRDA:124,12,1,0
BRDA:168,13,0,90
BRDA:168,13,1,422
BRDA:189,14,0,32
BRDA:189,14,1,6
BRDA:197,15,0,12
BRDA:197,15,1,9
BRDA:216,16,0,12
BRDA:216,16,1,9
BRDA:217,17,0,9
BRDA:217,17,1,3
BRDA:245,18,0,6
BRDA:245,18,1,3
BRF:38
BRH:34
end_of_record
TN:
SF:src\pages\customer\Register.jsx
FN:4,Register
FN:17,(anonymous_1)
FN:21,(anonymous_2)
FNF:3
FNH:3
FNDA:40,Register
FNDA:25,(anonymous_1)
FNDA:5,(anonymous_2)
DA:5,40
DA:13,40
DA:14,40
DA:17,40
DA:18,25
DA:21,40
DA:22,5
DA:24,5
DA:25,1
DA:26,1
DA:29,4
DA:30,4
DA:32,4
DA:33,4
DA:34,1
DA:35,1
DA:43,3
DA:44,3
DA:46,4
DA:50,40
LF:20
LH:20
BRDA:24,0,0,1
BRDA:24,0,1,4
BRDA:111,1,0,4
BRDA:111,1,1,36
BRDA:119,2,0,40
BRDA:119,2,1,5
BRF:6
BRH:6
end_of_record
TN:
SF:src\pages\restaurant\Dashboard.jsx
FN:4,(anonymous_0)
FN:21,(anonymous_1)
FN:35,(anonymous_2)
FNF:3
FNH:0
FNDA:0,(anonymous_0)
FNDA:0,(anonymous_1)
FNDA:0,(anonymous_2)
DA:4,0
DA:5,0
DA:7,0
DA:21,0
DA:35,0
LF:5
LH:0
BRF:0
BRH:0
end_of_record
TN:
SF:src\pages\restaurant\Login.jsx
FN:5,(anonymous_0)
FN:11,(anonymous_1)
FN:36,(anonymous_2)
FN:43,(anonymous_3)
FNF:4
FNH:0
FNDA:0,(anonymous_0)
FNDA:0,(anonymous_1)
FNDA:0,(anonymous_2)
FNDA:0,(anonymous_3)
DA:5,0
DA:6,0
DA:7,0
DA:8,0
DA:9,0
DA:11,0
DA:12,0
DA:13,0
DA:14,0
DA:15,0
DA:16,0
DA:17,0
DA:18,0
DA:20,0
DA:23,0
DA:27,0
DA:36,0
DA:43,0
LF:18
LH:0
BRDA:16,0,0,0
BRDA:16,0,1,0
BRDA:31,1,0,0
BRDA:31,1,1,0
BRF:4
BRH:0
end_of_record
TN:
SF:src\pages\restaurant\Menu.jsx
FN:8,(anonymous_0)
FN:18,(anonymous_1)
FN:40,(anonymous_2)
FN:49,(anonymous_3)
FN:54,(anonymous_4)
FN:65,(anonymous_5)
FN:74,(anonymous_6)
FN:83,(anonymous_7)
FN:97,(anonymous_8)
FN:98,(anonymous_9)
FN:111,(anonymous_10)
FN:138,(anonymous_11)
FN:146,(anonymous_12)
FN:147,(anonymous_13)
FN:158,(anonymous_14)
FN:167,(anonymous_15)
FN:177,(anonymous_16)
FN:186,(anonymous_17)
FNF:18
FNH:0
FNDA:0,(anonymous_0)
FNDA:0,(anonymous_1)
FNDA:0,(anonymous_2)
FNDA:0,(anonymous_3)
FNDA:0,(anonymous_4)
FNDA:0,(anonymous_5)
FNDA:0,(anonymous_6)
FNDA:0,(anonymous_7)
FNDA:0,(anonymous_8)
FNDA:0,(anonymous_9)
FNDA:0,(anonymous_10)
FNDA:0,(anonymous_11)
FNDA:0,(anonymous_12)
FNDA:0,(anonymous_13)
FNDA:0,(anonymous_14)
FNDA:0,(anonymous_15)
FNDA:0,(anonymous_16)
FNDA:0,(anonymous_17)
DA:5,0
DA:6,0
DA:8,0
DA:9,0
DA:10,0
DA:11,0
DA:12,0
DA:13,0
DA:14,0
DA:16,0
DA:18,0
DA:19,0
DA:20,0
DA:21,0
DA:26,0
DA:27,0
DA:28,0
DA:29,0
DA:30,0
DA:31,0
DA:33,0
DA:36,0
DA:40,0
DA:41,0
DA:42,0
DA:43,0
DA:45,0
DA:49,0
DA:50,0
DA:51,0
DA:54,0
DA:55,0
DA:56,0
DA:57,0
DA:58,0
DA:59,0
DA:61,0
DA:65,0
DA:66,0
DA:67,0
DA:68,0
DA:70,0
DA:74,0
DA:75,0
DA:76,0
DA:77,0
DA:79,0
DA:83,0
DA:84,0
DA:85,0
DA:86,0
DA:87,0
DA:91,0
DA:92,0
DA:97,0
DA:98,0
DA:105,0
DA:111,0
DA:139,0
DA:146,0
DA:147,0
DA:158,0
DA:159,0
DA:160,0
DA:161,0
DA:162,0
DA:163,0
DA:164,0
DA:167,0
DA:168,0
DA:169,0
DA:174,0
DA:177,0
DA:178,0
DA:183,0
DA:186,0
DA:187,0
DA:188,0
LF:78
LH:0
BRDA:26,0,0,0
BRDA:26,0,1,0
BRDA:28,1,0,0
BRDA:28,1,1,0
BRDA:28,2,0,0
BRDA:28,2,1,0
BRDA:33,3,0,0
BRDA:33,3,1,0
BRDA:43,4,0,0
BRDA:43,4,1,0
BRDA:45,5,0,0
BRDA:45,5,1,0
BRDA:51,6,0,0
BRDA:51,6,1,0
BRDA:85,7,0,0
BRDA:85,7,1,0
BRDA:91,8,0,0
BRDA:91,8,1,0
BRDA:95,9,0,0
BRDA:95,9,1,0
BRDA:118,10,0,0
BRDA:118,10,1,0
BRDA:144,11,0,0
BRDA:144,11,1,0
BRDA:160,12,0,0
BRDA:160,12,1,0
BRDA:162,13,0,0
BRDA:162,13,1,0
BRDA:164,14,0,0
BRDA:164,14,1,0
BRDA:174,15,0,0
BRDA:174,15,1,0
BRDA:183,16,0,0
BRDA:183,16,1,0
BRDA:188,17,0,0
BRDA:188,17,1,0
BRF:36
BRH:0
end_of_record
TN:
SF:src\pages\restaurant\Orders.jsx
FN:6,(anonymous_0)
FN:11,(anonymous_1)
FN:20,(anonymous_2)
FN:26,(anonymous_3)
FN:40,(anonymous_4)
FN:49,(anonymous_5)
FN:52,(anonymous_6)
FN:58,(anonymous_7)
FNF:8
FNH:0
FNDA:0,(anonymous_0)
FNDA:0,(anonymous_1)
FNDA:0,(anonymous_2)
FNDA:0,(anonymous_3)
FNDA:0,(anonymous_4)
FNDA:0,(anonymous_5)
FNDA:0,(anonymous_6)
FNDA:0,(anonymous_7)
DA:6,0
DA:7,0
DA:8,0
DA:9,0
DA:11,0
DA:12,0
DA:13,0
DA:14,0
DA:16,0
DA:20,0
DA:21,0
DA:22,0
DA:23,0
DA:26,0
DA:27,0
DA:28,0
DA:29,0
DA:31,0
DA:35,0
DA:40,0
DA:50,0
DA:53,0
DA:58,0
LF:23
LH:0
BRDA:14,0,0,0
BRDA:14,0,1,0
BRDA:16,1,0,0
BRDA:16,1,1,0
BRDA:22,2,0,0
BRDA:22,2,1,0
BRDA:31,3,0,0
BRDA:31,3,1,0
BRDA:47,4,0,0
BRDA:47,4,1,0
BRF:10
BRH:0
end_of_record
TN:
SF:src\routes\AppRoutes.jsx
FN:13,(anonymous_0)
FN:16,(anonymous_1)
FNF:2
FNH:1
FNDA:11,(anonymous_0)
FNDA:0,(anonymous_1)
DA:13,1
DA:14,11
DA:16,11
DA:17,0
DA:20,11
LF:5
LH:4
BRF:0
BRH:0
end_of_record
TN:
SF:src\services\AuthService.jsx
FN:5,(anonymous_0)
FN:25,(anonymous_1)
FN:38,(anonymous_2)
FN:55,(anonymous_3)
FN:70,(anonymous_4)
FN:80,(anonymous_5)
FN:93,(anonymous_6)
FNF:7
FNH:0
FNDA:0,(anonymous_0)
FNDA:0,(anonymous_1)
FNDA:0,(anonymous_2)
FNDA:0,(anonymous_3)
FNDA:0,(anonymous_4)
FNDA:0,(anonymous_5)
FNDA:0,(anonymous_6)
DA:1,0
DA:2,0
DA:3,0
DA:5,0
DA:6,0
DA:7,0
DA:12,0
DA:13,0
DA:14,0
DA:16,0
DA:17,0
DA:18,0
DA:20,0
DA:21,0
DA:25,0
DA:26,0
DA:27,0
DA:28,0
DA:29,0
DA:30,0
DA:31,0
DA:33,0
DA:34,0
DA:38,0
DA:39,0
DA:40,0
DA:41,0
DA:42,0
DA:47,0
DA:48,0
DA:50,0
DA:51,0
DA:55,0
DA:56,0
DA:57,0
DA:62,0
DA:63,0
DA:65,0
DA:66,0
DA:70,0
DA:71,0
DA:72,0
DA:73,0
DA:75,0
DA:76,0
DA:80,0
DA:81,0
DA:82,0
DA:83,0
DA:84,0
DA:85,0
DA:86,0
DA:88,0
DA:89,0
DA:93,0
DA:94,0
DA:95,0
DA:96,0
DA:97,0
DA:99,0
DA:100,0
LF:61
LH:0
BRDA:12,0,0,0
BRDA:12,0,1,0
BRDA:17,1,0,0
BRDA:17,1,1,0
BRDA:17,2,0,0
BRDA:17,2,1,0
BRDA:28,3,0,0
BRDA:28,3,1,0
BRDA:30,4,0,0
BRDA:30,4,1,0
BRDA:41,5,0,0
BRDA:41,5,1,0
BRDA:47,6,0,0
BRDA:47,6,1,0
BRDA:62,7,0,0
BRDA:62,7,1,0
BRDA:73,8,0,0
BRDA:73,8,1,0
BRDA:83,9,0,0
BRDA:83,9,1,0
BRDA:85,10,0,0
BRDA:85,10,1,0
BRDA:96,11,0,0
BRDA:96,11,1,0
BRF:24
BRH:0
end_of_record
TN:
SF:src\services\MenuService.jsx
FN:3,(anonymous_0)
FN:14,(anonymous_1)
FN:28,(anonymous_2)
FN:39,(anonymous_3)
FNF:4
FNH:0
FNDA:0,(anonymous_0)
FNDA:0,(anonymous_1)
FNDA:0,(anonymous_2)
FNDA:0,(anonymous_3)
DA:1,0
DA:3,0
DA:4,0
DA:6,0
DA:7,0
DA:9,0
DA:10,0
DA:11,0
DA:14,0
DA:15,0
DA:16,0
DA:18,0
DA:24,0
DA:25,0
DA:28,0
DA:29,0
DA:35,0
DA:36,0
DA:39,0
DA:40,0
DA:41,0
LF:21
LH:0
BRDA:7,0,0,0
BRDA:7,0,1,0
BRDA:10,1,0,0
BRDA:10,1,1,0
BRDA:16,2,0,0
BRDA:16,2,1,0
BRDA:24,3,0,0
BRDA:24,3,1,0
BRDA:35,4,0,0
BRDA:35,4,1,0
BRDA:41,5,0,0
BRDA:41,5,1,0
BRF:12
BRH:0
end_of_record
TN:
SF:src\services\OrderService.jsx
FN:3,(anonymous_0)
FN:20,(anonymous_1)
FN:30,(anonymous_2)
FNF:3
FNH:0
FNDA:0,(anonymous_0)
FNDA:0,(anonymous_1)
FNDA:0,(anonymous_2)
DA:1,0
DA:3,0
DA:4,0
DA:5,0
DA:7,0
DA:8,0
DA:10,0
DA:11,0
DA:12,0
DA:13,0
DA:15,0
DA:16,0
DA:20,0
DA:21,0
DA:26,0
DA:27,0
DA:30,0
DA:31,0
DA:32,0
LF:19
LH:0
BRDA:5,0,0,0
BRDA:5,0,1,0
BRDA:8,1,0,0
BRDA:8,1,1,0
BRDA:12,2,0,0
BRDA:12,2,1,0
BRDA:13,3,0,0
BRDA:13,3,1,0
BRDA:26,4,0,0
BRDA:26,4,1,0
BRDA:32,5,0,0
BRDA:32,5,1,0
BRF:12
BRH:0
end_of_record
TN:
SF:src\testdata\Restaurants.jsx
FNF:0
FNH:0
DA:5,0
LF:1
LH:0
BRF:0
BRH:0
end_of_record
TN:
SF:src\testdata\menuItems.jsx
FNF:0
FNH:0
DA:20,0
LF:1
LH:0
BRF:0
BRH:0
end_of_record
